<?xml version="1.0" encoding="UTF-8"?>
<robot generator="Robot 7.2.2 (Python 3.12.4 on win32)" generated="2025-06-02T22:52:01.098443" rpa="false" schemaversion="5">
<suite id="s1" name="Testes" source="c:\Users\leosa\OneDrive\Área de Trabalho\UFPR\EngSoft2\trabalho_final\robot\testes.robot">
<test id="s1-t1" name="R01: Autocadastro - Sucesso" line="9">
<kw name="Abrir browser" owner="resources" type="SETUP">
<kw name="Open Browser" owner="SeleniumLibrary">
<msg time="2025-06-02T22:52:02.078174" level="INFO">Opening browser 'chrome' to base url 'None'.</msg>
<arg>browser=${BROWSER}</arg>
<doc>Opens a new browser instance to the optional ``url``.</doc>
<status status="PASS" start="2025-06-02T22:52:02.073443" elapsed="1.486326"/>
</kw>
<kw name="Maximize Browser Window" owner="SeleniumLibrary">
<doc>Maximizes current browser window.</doc>
<status status="PASS" start="2025-06-02T22:52:03.560745" elapsed="0.044715"/>
</kw>
<status status="PASS" start="2025-06-02T22:52:02.066467" elapsed="1.540024"/>
</kw>
<kw name="Acessar sistema Emiratads" owner="resources">
<kw name="Go To" owner="SeleniumLibrary">
<msg time="2025-06-02T22:52:03.610394" level="INFO">Opening url 'http://localhost:3000'</msg>
<arg>http://localhost:3000</arg>
<doc>Navigates the current browser window to the provided ``url``.</doc>
<status status="PASS" start="2025-06-02T22:52:03.609394" elapsed="0.286177"/>
</kw>
<kw name="Wait Until Element Is Visible" owner="SeleniumLibrary">
<arg>//img[@alt='emiratads-logo']</arg>
<doc>Waits until the element ``locator`` is visible.</doc>
<status status="PASS" start="2025-06-02T22:52:03.896570" elapsed="0.045769"/>
</kw>
<status status="PASS" start="2025-06-02T22:52:03.608393" elapsed="0.334924"/>
</kw>
<kw name="Navegar para a página de autocadastro" owner="resources">
<kw name="Click Element" owner="SeleniumLibrary">
<msg time="2025-06-02T22:52:03.948831" level="INFO">Clicking element '//a[normalize-space()='Cadastre-se']'.</msg>
<arg>//a[normalize-space()='Cadastre-se']</arg>
<doc>Click the element identified by ``locator``.</doc>
<status status="PASS" start="2025-06-02T22:52:03.946866" elapsed="0.149672"/>
</kw>
<kw name="Wait Until Element Is Visible" owner="SeleniumLibrary">
<arg>//h1[normalize-space()='CADASTRO']</arg>
<doc>Waits until the element ``locator`` is visible.</doc>
<status status="PASS" start="2025-06-02T22:52:04.097532" elapsed="0.025007"/>
</kw>
<status status="PASS" start="2025-06-02T22:52:03.944823" elapsed="0.178715"/>
</kw>
<kw name="Preencher dados do cliente" owner="resources">
<kw name="Input Text" owner="SeleniumLibrary">
<msg time="2025-06-02T22:52:04.127561" level="INFO">Typing text 'Cliente Teste' into text field '//input[@name='nome']'.</msg>
<arg>//input[@name='nome']</arg>
<arg>${CLIENTE_NOME}</arg>
<doc>Types the given ``text`` into the text field identified by ``locator``.</doc>
<status status="PASS" start="2025-06-02T22:52:04.126546" elapsed="0.132444"/>
</kw>
<kw name="Input Text" owner="SeleniumLibrary">
<msg time="2025-06-02T22:52:04.260992" level="INFO">Typing text 'leonardo15salgado@gmail.com' into text field '//input[@name='email']'.</msg>
<arg>//input[@name='email']</arg>
<arg>${CLIENTE_EMAIL}</arg>
<doc>Types the given ``text`` into the text field identified by ``locator``.</doc>
<status status="PASS" start="2025-06-02T22:52:04.259988" elapsed="0.089800"/>
</kw>
<kw name="Input Text" owner="SeleniumLibrary">
<msg time="2025-06-02T22:52:04.352024" level="INFO">Typing text '19516219055' into text field '//input[@name='cpf']'.</msg>
<arg>//input[@name='cpf']</arg>
<arg>${CLIENTE_CPF}</arg>
<doc>Types the given ``text`` into the text field identified by ``locator``.</doc>
<status status="PASS" start="2025-06-02T22:52:04.350996" elapsed="0.076634"/>
</kw>
<kw name="Input Text" owner="SeleniumLibrary">
<msg time="2025-06-02T22:52:04.429631" level="INFO">Typing text '82220330' into text field '//input[@name='endereco.cep']'.</msg>
<arg>//input[@name='endereco.cep']</arg>
<arg>${CLIENTE_CEP}</arg>
<doc>Types the given ``text`` into the text field identified by ``locator``.</doc>
<status status="PASS" start="2025-06-02T22:52:04.427630" elapsed="0.073198"/>
</kw>
<kw name="Click Element" owner="SeleniumLibrary">
<msg time="2025-06-02T22:52:04.501826" level="INFO">Clicking element '//h1[normalize-space()='CADASTRO']'.</msg>
<arg>//h1[normalize-space()='CADASTRO']</arg>
<doc>Click the element identified by ``locator``.</doc>
<status status="PASS" start="2025-06-02T22:52:04.501826" elapsed="0.053073"/>
</kw>
<kw name="Sleep" owner="BuiltIn">
<msg time="2025-06-02T22:52:05.557469" level="INFO">Slept 1 second.</msg>
<arg>1s</arg>
<doc>Pauses the test executed for the given time.</doc>
<status status="PASS" start="2025-06-02T22:52:04.555910" elapsed="1.002639"/>
</kw>
<kw name="Input Text" owner="SeleniumLibrary">
<msg time="2025-06-02T22:52:05.559578" level="INFO">Typing text '123' into text field '//input[@name='endereco.numero']'.</msg>
<arg>//input[@name='endereco.numero']</arg>
<arg>123</arg>
<doc>Types the given ``text`` into the text field identified by ``locator``.</doc>
<status status="PASS" start="2025-06-02T22:52:05.558549" elapsed="0.070116"/>
</kw>
<kw name="Input Text" owner="SeleniumLibrary">
<msg time="2025-06-02T22:52:05.631133" level="INFO">Typing text 'Apto 101' into text field '//input[@name='endereco.complemento']'.</msg>
<arg>//input[@name='endereco.complemento']</arg>
<arg>Apto 101</arg>
<doc>Types the given ``text`` into the text field identified by ``locator``.</doc>
<status status="PASS" start="2025-06-02T22:52:05.628665" elapsed="0.070447"/>
</kw>
<status status="PASS" start="2025-06-02T22:52:04.125546" elapsed="1.573566"/>
</kw>
<kw name="Clicar no botão de cadastro" owner="resources">
<kw name="Click Button" owner="SeleniumLibrary">
<msg time="2025-06-02T22:52:05.703625" level="INFO">Clicking button '//button[@type='submit']'.</msg>
<arg>//button[@type='submit']</arg>
<doc>Clicks the button identified by ``locator``.</doc>
<status status="PASS" start="2025-06-02T22:52:05.702117" elapsed="0.080811"/>
</kw>
<kw name="Sleep" owner="BuiltIn">
<msg time="2025-06-02T22:52:10.785237" level="INFO">Slept 5 seconds.</msg>
<arg>5s</arg>
<doc>Pauses the test executed for the given time.</doc>
<status status="PASS" start="2025-06-02T22:52:05.783933" elapsed="5.002311"/>
</kw>
<status status="PASS" start="2025-06-02T22:52:05.701120" elapsed="5.085124"/>
</kw>
<kw name="O cadastro deve ser realizado com sucesso" owner="resources">
<kw name="Wait Until Element Is Visible" owner="SeleniumLibrary">
<arg>//h2[normalize-space()='Cadastro realizado com sucesso!!!']</arg>
<doc>Waits until the element ``locator`` is visible.</doc>
<status status="PASS" start="2025-06-02T22:52:10.790246" elapsed="1.935896"/>
</kw>
<kw name="Element Should Be Visible" owner="SeleniumLibrary">
<msg time="2025-06-02T22:52:12.752044" level="INFO">Element '//span[normalize-space()='Login']' is displayed.</msg>
<arg>//span[normalize-space()='Login']</arg>
<doc>Verifies that the element identified by ``locator`` is visible.</doc>
<status status="PASS" start="2025-06-02T22:52:12.727122" elapsed="0.026427"/>
</kw>
<status status="PASS" start="2025-06-02T22:52:10.788243" elapsed="1.966335"/>
</kw>
<kw name="Fechar browser" owner="resources" type="TEARDOWN">
<kw name="Capture Page Screenshot" owner="SeleniumLibrary">
<msg time="2025-06-02T22:52:12.848096" level="INFO" html="true">&lt;/td&gt;&lt;/tr&gt;&lt;tr&gt;&lt;td colspan="3"&gt;&lt;a href="selenium-screenshot-10.png"&gt;&lt;img src="selenium-screenshot-10.png" width="800px"&gt;&lt;/a&gt;</msg>
<doc>Takes a screenshot of the current page and embeds it into a log file.</doc>
<status status="PASS" start="2025-06-02T22:52:12.759573" elapsed="0.089531"/>
</kw>
<kw name="Close Browser" owner="SeleniumLibrary">
<doc>Closes the current browser.</doc>
<status status="PASS" start="2025-06-02T22:52:12.851093" elapsed="2.297915"/>
</kw>
<status status="PASS" start="2025-06-02T22:52:12.757555" elapsed="2.392478"/>
</kw>
<doc>Teste de Autocadastro do Cliente</doc>
<tag>Autenticação</tag>
<tag>Autocadastro</tag>
<status status="PASS" start="2025-06-02T22:52:02.058466" elapsed="13.092531"/>
</test>
<test id="s1-t2" name="R02: Efetuar Login/Logout - Falha" line="18">
<kw name="Abrir browser" owner="resources" type="SETUP">
<kw name="Open Browser" owner="SeleniumLibrary">
<msg time="2025-06-02T22:52:15.166715" level="INFO">Opening browser 'chrome' to base url 'None'.</msg>
<arg>browser=${BROWSER}</arg>
<doc>Opens a new browser instance to the optional ``url``.</doc>
<status status="PASS" start="2025-06-02T22:52:15.163706" elapsed="1.305805"/>
</kw>
<kw name="Maximize Browser Window" owner="SeleniumLibrary">
<doc>Maximizes current browser window.</doc>
<status status="PASS" start="2025-06-02T22:52:16.472515" elapsed="0.038420"/>
</kw>
<status status="PASS" start="2025-06-02T22:52:15.161111" elapsed="1.350823"/>
</kw>
<kw name="Acessar sistema Emiratads" owner="resources">
<kw name="Go To" owner="SeleniumLibrary">
<msg time="2025-06-02T22:52:16.517709" level="INFO">Opening url 'http://localhost:3000'</msg>
<arg>http://localhost:3000</arg>
<doc>Navigates the current browser window to the provided ``url``.</doc>
<status status="PASS" start="2025-06-02T22:52:16.516700" elapsed="0.235929"/>
</kw>
<kw name="Wait Until Element Is Visible" owner="SeleniumLibrary">
<arg>//img[@alt='emiratads-logo']</arg>
<doc>Waits until the element ``locator`` is visible.</doc>
<status status="PASS" start="2025-06-02T22:52:16.754628" elapsed="0.044480"/>
</kw>
<status status="PASS" start="2025-06-02T22:52:16.514450" elapsed="0.286037"/>
</kw>
<kw name="Informar dados de login incorretos" owner="resources">
<kw name="Input Text" owner="SeleniumLibrary">
<msg time="2025-06-02T22:52:16.808950" level="INFO">Typing text 'leonardo15salgado@gmail.com' into text field '//input[@name='email']'.</msg>
<arg>//input[@name='email']</arg>
<arg>${CLIENTE_EMAIL}</arg>
<doc>Types the given ``text`` into the text field identified by ``locator``.</doc>
<status status="PASS" start="2025-06-02T22:52:16.804889" elapsed="0.153822"/>
</kw>
<kw name="Input Text" owner="SeleniumLibrary">
<msg time="2025-06-02T22:52:16.960710" level="INFO">Typing text 'senha_incorreta' into text field '//input[@name='password']'.</msg>
<arg>//input[@name='password']</arg>
<arg>senha_incorreta</arg>
<doc>Types the given ``text`` into the text field identified by ``locator``.</doc>
<status status="PASS" start="2025-06-02T22:52:16.959709" elapsed="0.100977"/>
</kw>
<status status="PASS" start="2025-06-02T22:52:16.801866" elapsed="0.258820"/>
</kw>
<kw name="Clicar no botão de login" owner="resources">
<kw name="Click Button" owner="SeleniumLibrary">
<msg time="2025-06-02T22:52:17.064688" level="INFO">Clicking button '//button[@type='submit']'.</msg>
<arg>//button[@type='submit']</arg>
<doc>Clicks the button identified by ``locator``.</doc>
<status status="PASS" start="2025-06-02T22:52:17.063712" elapsed="0.083059"/>
</kw>
<kw name="Sleep" owner="BuiltIn">
<msg time="2025-06-02T22:52:18.151310" level="INFO">Slept 1 second.</msg>
<arg>1s</arg>
<doc>Pauses the test executed for the given time.</doc>
<status status="PASS" start="2025-06-02T22:52:17.149771" elapsed="1.002135"/>
</kw>
<status status="PASS" start="2025-06-02T22:52:17.062692" elapsed="1.089214"/>
</kw>
<kw name="O login deve falhar com Erro ao fazer login. Verifique suas credenciais." owner="resources" source_name="O login deve falhar com ${mensagem_erro}">
<kw name="Wait Until Element Is Visible" owner="SeleniumLibrary">
<arg>//span[@class='text-red-500 text-sm text-center']</arg>
<doc>Waits until the element ``locator`` is visible.</doc>
<status status="PASS" start="2025-06-02T22:52:18.157555" elapsed="0.029203"/>
</kw>
<kw name="Element Should Contain" owner="SeleniumLibrary">
<msg time="2025-06-02T22:52:18.209385" level="INFO">Element '//span[@class='text-red-500 text-sm text-center']' contains text 'Erro ao fazer login. Verifique suas credenciais.'.</msg>
<arg>//span[@class='text-red-500 text-sm text-center']</arg>
<arg>${mensagem_erro}</arg>
<doc>Verifies that element ``locator`` contains text ``expected``.</doc>
<status status="PASS" start="2025-06-02T22:52:18.187759" elapsed="0.022628"/>
</kw>
<status status="PASS" start="2025-06-02T22:52:18.154427" elapsed="0.055960"/>
</kw>
<kw name="Fechar browser" owner="resources" type="TEARDOWN">
<kw name="Capture Page Screenshot" owner="SeleniumLibrary">
<msg time="2025-06-02T22:52:18.294667" level="INFO" html="true">&lt;/td&gt;&lt;/tr&gt;&lt;tr&gt;&lt;td colspan="3"&gt;&lt;a href="selenium-screenshot-11.png"&gt;&lt;img src="selenium-screenshot-11.png" width="800px"&gt;&lt;/a&gt;</msg>
<doc>Takes a screenshot of the current page and embeds it into a log file.</doc>
<status status="PASS" start="2025-06-02T22:52:18.213911" elapsed="0.081843"/>
</kw>
<kw name="Close Browser" owner="SeleniumLibrary">
<doc>Closes the current browser.</doc>
<status status="PASS" start="2025-06-02T22:52:18.296761" elapsed="2.145253"/>
</kw>
<status status="PASS" start="2025-06-02T22:52:18.212405" elapsed="2.230626"/>
</kw>
<doc>Teste de Login do Cliente</doc>
<tag>Autenticação</tag>
<tag>Login</tag>
<status status="PASS" start="2025-06-02T22:52:15.154997" elapsed="5.290028"/>
</test>
<test id="s1-t3" name="R02: Efetuar Login/Logout - Sucesso" line="26">
<kw name="Abrir browser" owner="resources" type="SETUP">
<kw name="Open Browser" owner="SeleniumLibrary">
<msg time="2025-06-02T22:52:20.458645" level="INFO">Opening browser 'chrome' to base url 'None'.</msg>
<arg>browser=${BROWSER}</arg>
<doc>Opens a new browser instance to the optional ``url``.</doc>
<status status="PASS" start="2025-06-02T22:52:20.456748" elapsed="1.314130"/>
</kw>
<kw name="Maximize Browser Window" owner="SeleniumLibrary">
<doc>Maximizes current browser window.</doc>
<status status="PASS" start="2025-06-02T22:52:21.771878" elapsed="0.045915"/>
</kw>
<status status="PASS" start="2025-06-02T22:52:20.453639" elapsed="1.365182"/>
</kw>
<kw name="Acessar sistema Emiratads" owner="resources">
<kw name="Go To" owner="SeleniumLibrary">
<msg time="2025-06-02T22:52:21.825798" level="INFO">Opening url 'http://localhost:3000'</msg>
<arg>http://localhost:3000</arg>
<doc>Navigates the current browser window to the provided ``url``.</doc>
<status status="PASS" start="2025-06-02T22:52:21.824805" elapsed="0.225818"/>
</kw>
<kw name="Wait Until Element Is Visible" owner="SeleniumLibrary">
<arg>//img[@alt='emiratads-logo']</arg>
<doc>Waits until the element ``locator`` is visible.</doc>
<status status="PASS" start="2025-06-02T22:52:22.051634" elapsed="0.043144"/>
</kw>
<status status="PASS" start="2025-06-02T22:52:21.820798" elapsed="0.274979"/>
</kw>
<kw name="Recuperar senha do email de cadastro" owner="resources">
<kw name="Log" owner="BuiltIn">
<msg time="2025-06-02T22:52:22.100773" level="INFO">Acesse o email leonardo15salgado@gmail.com e informe a senha recebida no console.</msg>
<arg>Acesse o email ${CLIENTE_EMAIL} e informe a senha recebida no console.</arg>
<doc>Logs the given message with the given level.</doc>
<status status="PASS" start="2025-06-02T22:52:22.099753" elapsed="0.002027"/>
</kw>
<kw name="Log" owner="BuiltIn">
<msg time="2025-06-02T22:52:22.102756" level="INFO">Pressione Enter para continuar após informar a senha.</msg>
<arg>Pressione Enter para continuar após informar a senha.</arg>
<doc>Logs the given message with the given level.</doc>
<status status="PASS" start="2025-06-02T22:52:22.102756" elapsed="0.000996"/>
</kw>
<kw name="Get Value From User" owner="Dialogs">
<msg time="2025-06-02T22:52:27.201349" level="INFO">${senha} = 9737</msg>
<var>${senha}</var>
<arg>message=Informe a senha recebida no email ${CLIENTE_EMAIL}</arg>
<doc>Pauses execution and asks user to input a value.</doc>
<status status="PASS" start="2025-06-02T22:52:22.105983" elapsed="5.095366"/>
</kw>
<kw name="Log" owner="BuiltIn">
<msg time="2025-06-02T22:52:27.203864" level="INFO">A senha informada foi: 9737</msg>
<arg>A senha informada foi: ${senha}</arg>
<doc>Logs the given message with the given level.</doc>
<status status="PASS" start="2025-06-02T22:52:27.202353" elapsed="0.003562"/>
</kw>
<kw name="Set Suite Variable" owner="BuiltIn">
<msg time="2025-06-02T22:52:27.210625" level="INFO">${CLIENTE_SENHA} = 9737</msg>
<arg>${CLIENTE_SENHA}</arg>
<arg>${senha}</arg>
<doc>Makes a variable available everywhere within the scope of the current suite.</doc>
<status status="PASS" start="2025-06-02T22:52:27.207358" elapsed="0.004264"/>
</kw>
<status status="PASS" start="2025-06-02T22:52:22.096752" elapsed="5.115859"/>
</kw>
<kw name="Informar dados de login" owner="resources">
<kw name="Input Text" owner="SeleniumLibrary">
<msg time="2025-06-02T22:52:27.217615" level="INFO">Typing text 'leonardo15salgado@gmail.com' into text field '//input[@name='email']'.</msg>
<arg>//input[@name='email']</arg>
<arg>${CLIENTE_EMAIL}</arg>
<doc>Types the given ``text`` into the text field identified by ``locator``.</doc>
<status status="PASS" start="2025-06-02T22:52:27.216612" elapsed="0.192880"/>
</kw>
<kw name="Input Text" owner="SeleniumLibrary">
<msg time="2025-06-02T22:52:27.411509" level="INFO">Typing text '9737' into text field '//input[@name='password']'.</msg>
<arg>//input[@name='password']</arg>
<arg>${CLIENTE_SENHA}</arg>
<doc>Types the given ``text`` into the text field identified by ``locator``.</doc>
<status status="PASS" start="2025-06-02T22:52:27.410490" elapsed="0.073045"/>
</kw>
<status status="PASS" start="2025-06-02T22:52:27.213613" elapsed="0.269922"/>
</kw>
<kw name="Clicar no botão de login" owner="resources">
<kw name="Click Button" owner="SeleniumLibrary">
<msg time="2025-06-02T22:52:27.487560" level="INFO">Clicking button '//button[@type='submit']'.</msg>
<arg>//button[@type='submit']</arg>
<doc>Clicks the button identified by ``locator``.</doc>
<status status="PASS" start="2025-06-02T22:52:27.486565" elapsed="0.084991"/>
</kw>
<kw name="Sleep" owner="BuiltIn">
<msg time="2025-06-02T22:52:28.574329" level="INFO">Slept 1 second.</msg>
<arg>1s</arg>
<doc>Pauses the test executed for the given time.</doc>
<status status="PASS" start="2025-06-02T22:52:27.572997" elapsed="1.001853"/>
</kw>
<status status="PASS" start="2025-06-02T22:52:27.485545" elapsed="1.090315"/>
</kw>
<kw name="O login deve ser realizado com sucesso" owner="resources">
<kw name="Wait Until Element Is Visible" owner="SeleniumLibrary">
<arg>//h1[normalize-space()='Bem-vindo ao Emiratads, ${CLIENTE_NOME}']</arg>
<doc>Waits until the element ``locator`` is visible.</doc>
<status status="PASS" start="2025-06-02T22:52:28.579390" elapsed="0.031186"/>
</kw>
<status status="PASS" start="2025-06-02T22:52:28.578374" elapsed="0.032202"/>
</kw>
<kw name="Fechar browser" owner="resources" type="TEARDOWN">
<kw name="Capture Page Screenshot" owner="SeleniumLibrary">
<msg time="2025-06-02T22:52:28.700226" level="INFO" html="true">&lt;/td&gt;&lt;/tr&gt;&lt;tr&gt;&lt;td colspan="3"&gt;&lt;a href="selenium-screenshot-12.png"&gt;&lt;img src="selenium-screenshot-12.png" width="800px"&gt;&lt;/a&gt;</msg>
<doc>Takes a screenshot of the current page and embeds it into a log file.</doc>
<status status="PASS" start="2025-06-02T22:52:28.617086" elapsed="0.084147"/>
</kw>
<kw name="Close Browser" owner="SeleniumLibrary">
<doc>Closes the current browser.</doc>
<status status="PASS" start="2025-06-02T22:52:28.702237" elapsed="2.232563"/>
</kw>
<status status="PASS" start="2025-06-02T22:52:28.613799" elapsed="2.322045"/>
</kw>
<doc>Teste de Login do Cliente</doc>
<tag>Autenticação</tag>
<tag>Login</tag>
<status status="PASS" start="2025-06-02T22:52:20.449033" elapsed="10.487767"/>
</test>
<test id="s1-t4" name="R03: Mostrar Tela Inicial de Cliente" line="35">
<kw name="Abrir browser" owner="resources" type="SETUP">
<kw name="Open Browser" owner="SeleniumLibrary">
<msg time="2025-06-02T22:52:30.944755" level="INFO">Opening browser 'chrome' to base url 'None'.</msg>
<arg>browser=${BROWSER}</arg>
<doc>Opens a new browser instance to the optional ``url``.</doc>
<status status="PASS" start="2025-06-02T22:52:30.943749" elapsed="1.306815"/>
</kw>
<kw name="Maximize Browser Window" owner="SeleniumLibrary">
<doc>Maximizes current browser window.</doc>
<status status="PASS" start="2025-06-02T22:52:32.251564" elapsed="0.030527"/>
</kw>
<status status="PASS" start="2025-06-02T22:52:30.941744" elapsed="1.341869"/>
</kw>
<kw name="Acessar sistema Emiratads" owner="resources">
<kw name="Go To" owner="SeleniumLibrary">
<msg time="2025-06-02T22:52:32.289132" level="INFO">Opening url 'http://localhost:3000'</msg>
<arg>http://localhost:3000</arg>
<doc>Navigates the current browser window to the provided ``url``.</doc>
<status status="PASS" start="2025-06-02T22:52:32.288136" elapsed="0.229349"/>
</kw>
<kw name="Wait Until Element Is Visible" owner="SeleniumLibrary">
<arg>//img[@alt='emiratads-logo']</arg>
<doc>Waits until the element ``locator`` is visible.</doc>
<status status="PASS" start="2025-06-02T22:52:32.519486" elapsed="0.043911"/>
</kw>
<status status="PASS" start="2025-06-02T22:52:32.285641" elapsed="0.278765"/>
</kw>
<kw name="Realizar login cliente" owner="resources">
<kw name="Informar dados de login" owner="resources">
<kw name="Input Text" owner="SeleniumLibrary">
<msg time="2025-06-02T22:52:32.572404" level="INFO">Typing text 'leonardo15salgado@gmail.com' into text field '//input[@name='email']'.</msg>
<arg>//input[@name='email']</arg>
<arg>${CLIENTE_EMAIL}</arg>
<doc>Types the given ``text`` into the text field identified by ``locator``.</doc>
<status status="PASS" start="2025-06-02T22:52:32.570423" elapsed="0.119656"/>
</kw>
<kw name="Input Text" owner="SeleniumLibrary">
<msg time="2025-06-02T22:52:32.692081" level="INFO">Typing text '9737' into text field '//input[@name='password']'.</msg>
<arg>//input[@name='password']</arg>
<arg>${CLIENTE_SENHA}</arg>
<doc>Types the given ``text`` into the text field identified by ``locator``.</doc>
<status status="PASS" start="2025-06-02T22:52:32.691080" elapsed="0.073467"/>
</kw>
<status status="PASS" start="2025-06-02T22:52:32.568404" elapsed="0.197405"/>
</kw>
<kw name="Clicar no botão de login" owner="resources">
<kw name="Click Button" owner="SeleniumLibrary">
<msg time="2025-06-02T22:52:32.769824" level="INFO">Clicking button '//button[@type='submit']'.</msg>
<arg>//button[@type='submit']</arg>
<doc>Clicks the button identified by ``locator``.</doc>
<status status="PASS" start="2025-06-02T22:52:32.768825" elapsed="0.083658"/>
</kw>
<kw name="Sleep" owner="BuiltIn">
<msg time="2025-06-02T22:52:33.855228" level="INFO">Slept 1 second.</msg>
<arg>1s</arg>
<doc>Pauses the test executed for the given time.</doc>
<status status="PASS" start="2025-06-02T22:52:32.853477" elapsed="1.002764"/>
</kw>
<status status="PASS" start="2025-06-02T22:52:32.766820" elapsed="1.090421"/>
</kw>
<status status="PASS" start="2025-06-02T22:52:32.566406" elapsed="1.291832"/>
</kw>
<kw name="A tela inicial deve conter operações que podem ser efetuadas" owner="resources">
<kw name="Wait Until Element Is Visible" owner="SeleniumLibrary">
<arg>//nav[@class='bg-slate-950 border-b-2 border-indigo-950 h-16 flex items-center justify-between px-4']</arg>
<doc>Waits until the element ``locator`` is visible.</doc>
<status status="PASS" start="2025-06-02T22:52:33.865883" elapsed="0.024777"/>
</kw>
<kw name="Element Should Be Visible" owner="SeleniumLibrary">
<msg time="2025-06-02T22:52:33.912647" level="INFO">Element '//div[@id='shortcuts-session']//a[normalize-space()='Milhas']' is displayed.</msg>
<arg>//div[@id='shortcuts-session']//a[normalize-space()='Milhas']</arg>
<doc>Verifies that the element identified by ``locator`` is visible.</doc>
<status status="PASS" start="2025-06-02T22:52:33.891663" elapsed="0.020984"/>
</kw>
<kw name="Element Should Be Visible" owner="SeleniumLibrary">
<msg time="2025-06-02T22:52:33.934011" level="INFO">Element '//div[@id='shortcuts-session']//a[normalize-space()='Voos']' is displayed.</msg>
<arg>//div[@id='shortcuts-session']//a[normalize-space()='Voos']</arg>
<doc>Verifies that the element identified by ``locator`` is visible.</doc>
<status status="PASS" start="2025-06-02T22:52:33.913664" elapsed="0.020347"/>
</kw>
<kw name="Element Should Be Visible" owner="SeleniumLibrary">
<msg time="2025-06-02T22:52:33.953668" level="INFO">Element '//div[@id='shortcuts-session']//a[normalize-space()='Reservas']' is displayed.</msg>
<arg>//div[@id='shortcuts-session']//a[normalize-space()='Reservas']</arg>
<doc>Verifies that the element identified by ``locator`` is visible.</doc>
<status status="PASS" start="2025-06-02T22:52:33.935016" elapsed="0.019668"/>
</kw>
<kw name="Element Should Be Visible" owner="SeleniumLibrary">
<msg time="2025-06-02T22:52:33.972672" level="INFO">Element '//div[@id='shortcuts-session']//a[normalize-space()='Check-in']' is displayed.</msg>
<arg>//div[@id='shortcuts-session']//a[normalize-space()='Check-in']</arg>
<doc>Verifies that the element identified by ``locator`` is visible.</doc>
<status status="PASS" start="2025-06-02T22:52:33.955685" elapsed="0.018012"/>
</kw>
<status status="PASS" start="2025-06-02T22:52:33.861242" elapsed="0.112455"/>
</kw>
<kw name="A tela inicial deve conter o saldo atual em milhas" owner="resources">
<kw name="Element Should Be Visible" owner="SeleniumLibrary">
<msg time="2025-06-02T22:52:34.002071" level="INFO">Element '//h1[normalize-space()='Seu saldo em milhas: 0']' is displayed.</msg>
<arg>//h1[normalize-space()='Seu saldo em milhas: 0']</arg>
<doc>Verifies that the element identified by ``locator`` is visible.</doc>
<status status="PASS" start="2025-06-02T22:52:33.977702" elapsed="0.025410"/>
</kw>
<status status="PASS" start="2025-06-02T22:52:33.975684" elapsed="0.028436"/>
</kw>
<kw name="Fechar browser" owner="resources" type="TEARDOWN">
<kw name="Capture Page Screenshot" owner="SeleniumLibrary">
<msg time="2025-06-02T22:52:34.105569" level="INFO" html="true">&lt;/td&gt;&lt;/tr&gt;&lt;tr&gt;&lt;td colspan="3"&gt;&lt;a href="selenium-screenshot-13.png"&gt;&lt;img src="selenium-screenshot-13.png" width="800px"&gt;&lt;/a&gt;</msg>
<doc>Takes a screenshot of the current page and embeds it into a log file.</doc>
<status status="PASS" start="2025-06-02T22:52:34.015641" elapsed="0.090971"/>
</kw>
<kw name="Close Browser" owner="SeleniumLibrary">
<doc>Closes the current browser.</doc>
<status status="PASS" start="2025-06-02T22:52:34.107663" elapsed="2.155170"/>
</kw>
<status status="PASS" start="2025-06-02T22:52:34.011120" elapsed="2.252718"/>
</kw>
<doc>Teste de Tela Inicial do Cliente</doc>
<tag>Cliente</tag>
<status status="PASS" start="2025-06-02T22:52:30.938803" elapsed="5.326041"/>
</test>
<test id="s1-t5" name="R05: Comprar de Milhas" line="43">
<kw name="Abrir browser" owner="resources" type="SETUP">
<kw name="Open Browser" owner="SeleniumLibrary">
<msg time="2025-06-02T22:52:36.273584" level="INFO">Opening browser 'chrome' to base url 'None'.</msg>
<arg>browser=${BROWSER}</arg>
<doc>Opens a new browser instance to the optional ``url``.</doc>
<status status="PASS" start="2025-06-02T22:52:36.272075" elapsed="1.296741"/>
</kw>
<kw name="Maximize Browser Window" owner="SeleniumLibrary">
<doc>Maximizes current browser window.</doc>
<status status="PASS" start="2025-06-02T22:52:37.569816" elapsed="0.035501"/>
</kw>
<status status="PASS" start="2025-06-02T22:52:36.271075" elapsed="1.335485"/>
</kw>
<kw name="Acessar sistema Emiratads" owner="resources">
<kw name="Go To" owner="SeleniumLibrary">
<msg time="2025-06-02T22:52:37.613530" level="INFO">Opening url 'http://localhost:3000'</msg>
<arg>http://localhost:3000</arg>
<doc>Navigates the current browser window to the provided ``url``.</doc>
<status status="PASS" start="2025-06-02T22:52:37.612018" elapsed="0.246958"/>
</kw>
<kw name="Wait Until Element Is Visible" owner="SeleniumLibrary">
<arg>//img[@alt='emiratads-logo']</arg>
<doc>Waits until the element ``locator`` is visible.</doc>
<status status="PASS" start="2025-06-02T22:52:37.861041" elapsed="0.049440"/>
</kw>
<status status="PASS" start="2025-06-02T22:52:37.609616" elapsed="0.302349"/>
</kw>
<kw name="Realizar login cliente" owner="resources">
<kw name="Informar dados de login" owner="resources">
<kw name="Input Text" owner="SeleniumLibrary">
<msg time="2025-06-02T22:52:37.919639" level="INFO">Typing text 'leonardo15salgado@gmail.com' into text field '//input[@name='email']'.</msg>
<arg>//input[@name='email']</arg>
<arg>${CLIENTE_EMAIL}</arg>
<doc>Types the given ``text`` into the text field identified by ``locator``.</doc>
<status status="PASS" start="2025-06-02T22:52:37.918169" elapsed="0.143346"/>
</kw>
<kw name="Input Text" owner="SeleniumLibrary">
<msg time="2025-06-02T22:52:38.065670" level="INFO">Typing text '9737' into text field '//input[@name='password']'.</msg>
<arg>//input[@name='password']</arg>
<arg>${CLIENTE_SENHA}</arg>
<doc>Types the given ``text`` into the text field identified by ``locator``.</doc>
<status status="PASS" start="2025-06-02T22:52:38.062658" elapsed="0.125502"/>
</kw>
<status status="PASS" start="2025-06-02T22:52:37.916160" elapsed="0.272000"/>
</kw>
<kw name="Clicar no botão de login" owner="resources">
<kw name="Click Button" owner="SeleniumLibrary">
<msg time="2025-06-02T22:52:38.192210" level="INFO">Clicking button '//button[@type='submit']'.</msg>
<arg>//button[@type='submit']</arg>
<doc>Clicks the button identified by ``locator``.</doc>
<status status="PASS" start="2025-06-02T22:52:38.192210" elapsed="0.092127"/>
</kw>
<kw name="Sleep" owner="BuiltIn">
<msg time="2025-06-02T22:52:39.287976" level="INFO">Slept 1 second.</msg>
<arg>1s</arg>
<doc>Pauses the test executed for the given time.</doc>
<status status="PASS" start="2025-06-02T22:52:38.285338" elapsed="1.002638"/>
</kw>
<status status="PASS" start="2025-06-02T22:52:38.189159" elapsed="1.099824"/>
</kw>
<status status="PASS" start="2025-06-02T22:52:37.913471" elapsed="1.375512"/>
</kw>
<kw name="Acessar a página de compra de milhas" owner="resources">
<kw name="Click Element" owner="SeleniumLibrary">
<msg time="2025-06-02T22:52:39.293615" level="INFO">Clicking element '//a[normalize-space()='Comprar milhas']'.</msg>
<arg>//a[normalize-space()='Comprar milhas']</arg>
<doc>Click the element identified by ``locator``.</doc>
<status status="PASS" start="2025-06-02T22:52:39.292011" elapsed="0.074078"/>
</kw>
<kw name="Wait Until Element Is Visible" owner="SeleniumLibrary">
<arg>//h1[normalize-space()='Compra de Milhas']</arg>
<doc>Waits until the element ``locator`` is visible.</doc>
<status status="PASS" start="2025-06-02T22:52:39.367096" elapsed="0.020810"/>
</kw>
<status status="PASS" start="2025-06-02T22:52:39.290982" elapsed="0.096924"/>
</kw>
<kw name="Preencher quantidade de milhas" owner="resources">
<kw name="Input Text" owner="SeleniumLibrary">
<msg time="2025-06-02T22:52:39.392180" level="INFO">Typing text '1000' into text field '//input[@placeholder='N. de Milhas']'.</msg>
<arg>//input[@placeholder='N. de Milhas']</arg>
<arg>1000</arg>
<doc>Types the given ``text`` into the text field identified by ``locator``.</doc>
<status status="PASS" start="2025-06-02T22:52:39.391190" elapsed="0.076530"/>
</kw>
<status status="PASS" start="2025-06-02T22:52:39.388905" elapsed="0.079814"/>
</kw>
<kw name="Confirmar compra de milhas" owner="resources">
<kw name="Click Element" owner="SeleniumLibrary">
<msg time="2025-06-02T22:52:39.472717" level="INFO">Clicking element '//span[normalize-space()='Comprar Milhas']'.</msg>
<arg>//span[normalize-space()='Comprar Milhas']</arg>
<doc>Click the element identified by ``locator``.</doc>
<status status="PASS" start="2025-06-02T22:52:39.471730" elapsed="0.065010"/>
</kw>
<kw name="Wait Until Element Is Visible" owner="SeleniumLibrary">
<arg>//span[normalize-space()='Confirmar']</arg>
<doc>Waits until the element ``locator`` is visible.</doc>
<status status="PASS" start="2025-06-02T22:52:39.537759" elapsed="0.020453"/>
</kw>
<kw name="Page Should Contain" owner="SeleniumLibrary">
<msg time="2025-06-02T22:52:39.574720" level="INFO">Current page contains text '5.000,00'.</msg>
<arg>5.000,00</arg>
<doc>Verifies that current page contains ``text``.</doc>
<status status="PASS" start="2025-06-02T22:52:39.559211" elapsed="0.016510"/>
</kw>
<kw name="Sleep" owner="BuiltIn">
<msg time="2025-06-02T22:52:40.577859" level="INFO">Slept 1 second.</msg>
<arg>1s</arg>
<doc>Pauses the test executed for the given time.</doc>
<status status="PASS" start="2025-06-02T22:52:39.576729" elapsed="1.002139"/>
</kw>
<kw name="Click Element" owner="SeleniumLibrary">
<msg time="2025-06-02T22:52:40.582867" level="INFO">Clicking element '//span[normalize-space()='Confirmar']'.</msg>
<arg>//span[normalize-space()='Confirmar']</arg>
<doc>Click the element identified by ``locator``.</doc>
<status status="PASS" start="2025-06-02T22:52:40.579870" elapsed="0.077480"/>
</kw>
<kw name="Sleep" owner="BuiltIn">
<msg time="2025-06-02T22:52:41.160580" level="INFO">Slept 500 milliseconds.</msg>
<arg>0.5s</arg>
<doc>Pauses the test executed for the given time.</doc>
<status status="PASS" start="2025-06-02T22:52:40.659355" elapsed="0.501225"/>
</kw>
<status status="PASS" start="2025-06-02T22:52:39.469724" elapsed="1.692020"/>
</kw>
<kw name="Verificar se novo saldo de milhas é 1000" owner="resources" source_name="Verificar se novo saldo de milhas é ${VALOR}">
<kw name="Sleep" owner="BuiltIn">
<msg time="2025-06-02T22:52:41.669147" level="INFO">Slept 500 milliseconds.</msg>
<arg>0.5s</arg>
<doc>Pauses the test executed for the given time.</doc>
<status status="PASS" start="2025-06-02T22:52:41.167287" elapsed="0.501860"/>
</kw>
<kw name="Strip String" owner="String">
<msg time="2025-06-02T22:52:41.671243" level="INFO">${VALOR} = 1000</msg>
<var>${VALOR}</var>
<arg>${VALOR}</arg>
<doc>Remove leading and/or trailing whitespaces from the given string.</doc>
<status status="PASS" start="2025-06-02T22:52:41.670249" elapsed="0.001904"/>
</kw>
<kw name="Element Should Be Visible" owner="SeleniumLibrary">
<msg time="2025-06-02T22:52:41.696089" level="INFO">Element '//h1[normalize-space()='Seu saldo em milhas: 1000']' is displayed.</msg>
<arg>//h1[normalize-space()='Seu saldo em milhas: ${VALOR}']</arg>
<doc>Verifies that the element identified by ``locator`` is visible.</doc>
<status status="PASS" start="2025-06-02T22:52:41.672153" elapsed="0.023936"/>
</kw>
<kw name="Get Text" owner="SeleniumLibrary">
<msg time="2025-06-02T22:52:41.717595" level="INFO">${strtemp} = Seu saldo em milhas: 1000</msg>
<var>${strtemp}</var>
<arg>//h1[normalize-space()='Seu saldo em milhas: ${VALOR}']</arg>
<doc>Returns the text value of the element identified by ``locator``.</doc>
<status status="PASS" start="2025-06-02T22:52:41.697085" elapsed="0.020510"/>
</kw>
<kw name="Replace String" owner="String">
<msg time="2025-06-02T22:52:41.722583" level="INFO">${saldo} =  1000</msg>
<var>${saldo}</var>
<arg>${strtemp}</arg>
<arg>Seu saldo em milhas:</arg>
<arg>${EMPTY}</arg>
<doc>Replaces ``search_for`` in the given ``string`` with ``replace_with``.</doc>
<status status="PASS" start="2025-06-02T22:52:41.718581" elapsed="0.004002"/>
</kw>
<kw name="Convert To Integer" owner="BuiltIn">
<msg time="2025-06-02T22:52:41.725004" level="INFO">${saldo} = 1000</msg>
<var>${saldo}</var>
<arg>${saldo}</arg>
<doc>Converts the given item to an integer number.</doc>
<status status="PASS" start="2025-06-02T22:52:41.723982" elapsed="0.002006"/>
</kw>
<kw name="Log" owner="BuiltIn">
<msg time="2025-06-02T22:52:41.727014" level="INFO">O saldo atual em milhas é: 1000</msg>
<arg>O saldo atual em milhas é: ${saldo}</arg>
<doc>Logs the given message with the given level.</doc>
<status status="PASS" start="2025-06-02T22:52:41.725988" elapsed="0.001026"/>
</kw>
<kw name="Set Suite Variable" owner="BuiltIn">
<msg time="2025-06-02T22:52:41.731517" level="INFO">${CLIENTE_SALDO} = 1000</msg>
<arg>${CLIENTE_SALDO}</arg>
<arg>${saldo}</arg>
<doc>Makes a variable available everywhere within the scope of the current suite.</doc>
<status status="PASS" start="2025-06-02T22:52:41.728003" elapsed="0.003514"/>
</kw>
<status status="PASS" start="2025-06-02T22:52:41.163754" elapsed="0.568776"/>
</kw>
<kw name="Fechar browser" owner="resources" type="TEARDOWN">
<kw name="Capture Page Screenshot" owner="SeleniumLibrary">
<msg time="2025-06-02T22:52:41.838125" level="INFO" html="true">&lt;/td&gt;&lt;/tr&gt;&lt;tr&gt;&lt;td colspan="3"&gt;&lt;a href="selenium-screenshot-14.png"&gt;&lt;img src="selenium-screenshot-14.png" width="800px"&gt;&lt;/a&gt;</msg>
<doc>Takes a screenshot of the current page and embeds it into a log file.</doc>
<status status="PASS" start="2025-06-02T22:52:41.736727" elapsed="0.102382"/>
</kw>
<kw name="Close Browser" owner="SeleniumLibrary">
<doc>Closes the current browser.</doc>
<status status="PASS" start="2025-06-02T22:52:41.840087" elapsed="2.183743"/>
</kw>
<status status="PASS" start="2025-06-02T22:52:41.734713" elapsed="2.290167"/>
</kw>
<doc>Teste de Compra de Milhas</doc>
<tag>Cliente</tag>
<status status="PASS" start="2025-06-02T22:52:36.268066" elapsed="7.757771"/>
</test>
<test id="s1-t6" name="R07: Efetuar Reserva" line="53">
<kw name="Abrir browser" owner="resources" type="SETUP">
<kw name="Open Browser" owner="SeleniumLibrary">
<msg time="2025-06-02T22:52:44.034795" level="INFO">Opening browser 'chrome' to base url 'None'.</msg>
<arg>browser=${BROWSER}</arg>
<doc>Opens a new browser instance to the optional ``url``.</doc>
<status status="PASS" start="2025-06-02T22:52:44.033793" elapsed="1.303946"/>
</kw>
<kw name="Maximize Browser Window" owner="SeleniumLibrary">
<doc>Maximizes current browser window.</doc>
<status status="PASS" start="2025-06-02T22:52:45.339744" elapsed="0.041768"/>
</kw>
<status status="PASS" start="2025-06-02T22:52:44.032788" elapsed="1.351128"/>
</kw>
<kw name="Acessar sistema Emiratads" owner="resources">
<kw name="Go To" owner="SeleniumLibrary">
<msg time="2025-06-02T22:52:45.389429" level="INFO">Opening url 'http://localhost:3000'</msg>
<arg>http://localhost:3000</arg>
<doc>Navigates the current browser window to the provided ``url``.</doc>
<status status="PASS" start="2025-06-02T22:52:45.388426" elapsed="0.224901"/>
</kw>
<kw name="Wait Until Element Is Visible" owner="SeleniumLibrary">
<arg>//img[@alt='emiratads-logo']</arg>
<doc>Waits until the element ``locator`` is visible.</doc>
<status status="PASS" start="2025-06-02T22:52:45.614336" elapsed="0.047809"/>
</kw>
<status status="PASS" start="2025-06-02T22:52:45.385426" elapsed="0.278254"/>
</kw>
<kw name="Realizar login cliente" owner="resources">
<kw name="Informar dados de login" owner="resources">
<kw name="Input Text" owner="SeleniumLibrary">
<msg time="2025-06-02T22:52:45.669709" level="INFO">Typing text 'leonardo15salgado@gmail.com' into text field '//input[@name='email']'.</msg>
<arg>//input[@name='email']</arg>
<arg>${CLIENTE_EMAIL}</arg>
<doc>Types the given ``text`` into the text field identified by ``locator``.</doc>
<status status="PASS" start="2025-06-02T22:52:45.668686" elapsed="0.112574"/>
</kw>
<kw name="Input Text" owner="SeleniumLibrary">
<msg time="2025-06-02T22:52:45.784780" level="INFO">Typing text '9737' into text field '//input[@name='password']'.</msg>
<arg>//input[@name='password']</arg>
<arg>${CLIENTE_SENHA}</arg>
<doc>Types the given ``text`` into the text field identified by ``locator``.</doc>
<status status="PASS" start="2025-06-02T22:52:45.782262" elapsed="0.076448"/>
</kw>
<status status="PASS" start="2025-06-02T22:52:45.667706" elapsed="0.192001"/>
</kw>
<kw name="Clicar no botão de login" owner="resources">
<kw name="Click Button" owner="SeleniumLibrary">
<msg time="2025-06-02T22:52:45.862728" level="INFO">Clicking button '//button[@type='submit']'.</msg>
<arg>//button[@type='submit']</arg>
<doc>Clicks the button identified by ``locator``.</doc>
<status status="PASS" start="2025-06-02T22:52:45.861731" elapsed="0.082627"/>
</kw>
<kw name="Sleep" owner="BuiltIn">
<msg time="2025-06-02T22:52:46.945722" level="INFO">Slept 1 second.</msg>
<arg>1s</arg>
<doc>Pauses the test executed for the given time.</doc>
<status status="PASS" start="2025-06-02T22:52:45.944358" elapsed="1.001364"/>
</kw>
<status status="PASS" start="2025-06-02T22:52:45.860727" elapsed="1.086001"/>
</kw>
<status status="PASS" start="2025-06-02T22:52:45.665699" elapsed="1.282028"/>
</kw>
<kw name="Acessar a página de voos" owner="resources">
<kw name="Sleep" owner="BuiltIn">
<msg time="2025-06-02T22:52:47.952168" level="INFO">Slept 1 second.</msg>
<arg>1s</arg>
<doc>Pauses the test executed for the given time.</doc>
<status status="PASS" start="2025-06-02T22:52:46.950731" elapsed="1.001437"/>
</kw>
<kw name="Click Element" owner="SeleniumLibrary">
<msg time="2025-06-02T22:52:47.953689" level="INFO">Clicking element '//div[@id='shortcuts-session']//a[contains(@class,'text-slate-200 text-md w-full uppercase text-center p-2__className_c21540')][normalize-space()='Voos']'.</msg>
<arg>//div[@id='shortcuts-session']//a[contains(@class,'text-slate-200 text-md w-full uppercase text-center p-2__className_c21540')][normalize-space()='Voos']</arg>
<doc>Click the element identified by ``locator``.</doc>
<status status="PASS" start="2025-06-02T22:52:47.953689" elapsed="0.111974"/>
</kw>
<kw name="Wait Until Element Is Visible" owner="SeleniumLibrary">
<arg>//h1[normalize-space()='Buscar Voos']</arg>
<doc>Waits until the element ``locator`` is visible.</doc>
<status status="PASS" start="2025-06-02T22:52:48.067666" elapsed="0.064945"/>
</kw>
<status status="PASS" start="2025-06-02T22:52:46.949748" elapsed="1.182863"/>
</kw>
<kw name="Selecionar aeroporto de origem CWB e destino POA para o voo TADS0003" owner="resources" source_name="Selecionar aeroporto de origem ${ORIGEM} e destino ${DESTINO} para o voo ${VOO}">
<kw name="Select From List By Value" owner="SeleniumLibrary">
<msg time="2025-06-02T22:52:48.137138" level="INFO">Selecting options from selection list '//select[@name='OriginAirport']' by value CWB.</msg>
<arg>//select[@name='OriginAirport']</arg>
<arg>${ORIGEM}</arg>
<doc>Selects options from selection list ``locator`` by ``values``.</doc>
<status status="PASS" start="2025-06-02T22:52:48.136136" elapsed="0.078593"/>
</kw>
<kw name="Select From List By Value" owner="SeleniumLibrary">
<msg time="2025-06-02T22:52:48.216810" level="INFO">Selecting options from selection list '//select[@name='DestinationAirport']' by value POA.</msg>
<arg>//select[@name='DestinationAirport']</arg>
<arg>${DESTINO}</arg>
<doc>Selects options from selection list ``locator`` by ``values``.</doc>
<status status="PASS" start="2025-06-02T22:52:48.215741" elapsed="0.066021"/>
</kw>
<kw name="Click Element" owner="SeleniumLibrary">
<msg time="2025-06-02T22:52:48.283760" level="INFO">Clicking element '//button[@type='submit']'.</msg>
<arg>//button[@type='submit']</arg>
<doc>Click the element identified by ``locator``.</doc>
<status status="PASS" start="2025-06-02T22:52:48.282763" elapsed="0.079459"/>
</kw>
<kw name="Sleep" owner="BuiltIn">
<msg time="2025-06-02T22:52:48.864781" level="INFO">Slept 500 milliseconds.</msg>
<arg>0.5s</arg>
<doc>Pauses the test executed for the given time.</doc>
<status status="PASS" start="2025-06-02T22:52:48.362222" elapsed="0.503690"/>
</kw>
<kw name="Element Should Be Visible" owner="SeleniumLibrary">
<msg time="2025-06-02T22:52:48.890526" level="INFO">Element '//td[normalize-space()='TADS0003']' is displayed.</msg>
<arg>//td[normalize-space()='${VOO}']</arg>
<doc>Verifies that the element identified by ``locator`` is visible.</doc>
<status status="PASS" start="2025-06-02T22:52:48.866898" elapsed="0.024628"/>
</kw>
<status status="PASS" start="2025-06-02T22:52:48.133618" elapsed="0.757908"/>
</kw>
<kw name="Selecionar voo TADS0003 e assentos 1,2" owner="resources" source_name="Selecionar voo ${voo} e assentos ${assentos}">
<kw name="Split String" owner="String">
<msg time="2025-06-02T22:52:48.895542" level="INFO">${assentos} = ['1', '2']</msg>
<var>${assentos}</var>
<arg>${assentos}</arg>
<arg>,</arg>
<doc>Splits the ``string`` using ``separator`` as a delimiter string.</doc>
<status status="PASS" start="2025-06-02T22:52:48.894543" elapsed="0.001985"/>
</kw>
<kw name="Click Element" owner="SeleniumLibrary">
<msg time="2025-06-02T22:52:48.897525" level="INFO">Clicking element '//button[@class='cursor-pointer flex items-center justify-center gap-2 bg-transparent border-2 border-indigo-600 text-indigo-600 hover:bg-indigo-600 hover:text-white p-3 rounded-lg ']'.</msg>
<arg>//button[@class='cursor-pointer flex items-center justify-center gap-2 bg-transparent border-2 border-indigo-600 text-indigo-600 hover:bg-indigo-600 hover:text-white p-3 rounded-lg ']</arg>
<doc>Click the element identified by ``locator``.</doc>
<status status="PASS" start="2025-06-02T22:52:48.896528" elapsed="0.124702"/>
</kw>
<kw name="Wait Until Element Is Visible" owner="SeleniumLibrary">
<arg>//h1[normalize-space()='Detalhes do voo: ${voo}']</arg>
<doc>Waits until the element ``locator`` is visible.</doc>
<status status="PASS" start="2025-06-02T22:52:49.022211" elapsed="0.285475"/>
</kw>
<kw name="Get Text" owner="SeleniumLibrary">
<msg time="2025-06-02T22:52:49.339535" level="INFO">${strtemp} = DETALHES DO VOO: TADS0003</msg>
<var>${strtemp}</var>
<arg>//h1[normalize-space()='Detalhes do voo: ${voo}']</arg>
<doc>Returns the text value of the element identified by ``locator``.</doc>
<status status="PASS" start="2025-06-02T22:52:49.309687" elapsed="0.029848"/>
</kw>
<kw name="Fetch From Right" owner="String">
<msg time="2025-06-02T22:52:49.341525" level="INFO">${codigo_voo} =  TADS0003</msg>
<var>${codigo_voo}</var>
<arg>${strtemp}</arg>
<arg>DETALHES DO VOO:</arg>
<doc>Returns contents of the ``string`` after the last occurrence of ``marker``.</doc>
<status status="PASS" start="2025-06-02T22:52:49.340440" elapsed="0.002098"/>
</kw>
<kw name="Strip String" owner="String">
<msg time="2025-06-02T22:52:49.343542" level="INFO">${codigo_voo} = TADS0003</msg>
<var>${codigo_voo}</var>
<arg>${codigo_voo}</arg>
<doc>Remove leading and/or trailing whitespaces from the given string.</doc>
<status status="PASS" start="2025-06-02T22:52:49.342538" elapsed="0.001986"/>
</kw>
<kw name="Log" owner="BuiltIn">
<msg time="2025-06-02T22:52:49.345444" level="INFO">O código do voo é: TADS0003</msg>
<arg>O código do voo é: ${codigo_voo}</arg>
<doc>Logs the given message with the given level.</doc>
<status status="PASS" start="2025-06-02T22:52:49.344524" elapsed="0.001921"/>
</kw>
<kw name="Set Suite Variable" owner="BuiltIn">
<msg time="2025-06-02T22:52:49.351539" level="INFO">${CLIENTE_CODIGO_VOO} = TADS0003</msg>
<arg>${CLIENTE_CODIGO_VOO}</arg>
<arg>${codigo_voo}</arg>
<doc>Makes a variable available everywhere within the scope of the current suite.</doc>
<status status="PASS" start="2025-06-02T22:52:49.346445" elapsed="0.006036"/>
</kw>
<for flavor="IN">
<iter>
<kw name="Strip String" owner="String">
<msg time="2025-06-02T22:52:49.355450" level="INFO">${assento} = 1</msg>
<var>${assento}</var>
<arg>${assento}</arg>
<doc>Remove leading and/or trailing whitespaces from the given string.</doc>
<status status="PASS" start="2025-06-02T22:52:49.354528" elapsed="0.001916"/>
</kw>
<kw name="Click Element" owner="SeleniumLibrary">
<msg time="2025-06-02T22:52:49.358444" level="INFO">Clicking element '(//p[normalize-space()='1'])[1]'.</msg>
<arg>(//p[normalize-space()='${assento}'])[1]</arg>
<doc>Click the element identified by ``locator``.</doc>
<status status="PASS" start="2025-06-02T22:52:49.356444" elapsed="0.079711"/>
</kw>
<var name="${assento}">1</var>
<status status="PASS" start="2025-06-02T22:52:49.353526" elapsed="0.083155"/>
</iter>
<iter>
<kw name="Strip String" owner="String">
<msg time="2025-06-02T22:52:49.438691" level="INFO">${assento} = 2</msg>
<var>${assento}</var>
<arg>${assento}</arg>
<doc>Remove leading and/or trailing whitespaces from the given string.</doc>
<status status="PASS" start="2025-06-02T22:52:49.437693" elapsed="0.001999"/>
</kw>
<kw name="Click Element" owner="SeleniumLibrary">
<msg time="2025-06-02T22:52:49.441690" level="INFO">Clicking element '(//p[normalize-space()='2'])[1]'.</msg>
<arg>(//p[normalize-space()='${assento}'])[1]</arg>
<doc>Click the element identified by ``locator``.</doc>
<status status="PASS" start="2025-06-02T22:52:49.439692" elapsed="0.128142"/>
</kw>
<var name="${assento}">2</var>
<status status="PASS" start="2025-06-02T22:52:49.436681" elapsed="0.132168"/>
</iter>
<var>${assento}</var>
<value>@{assentos}</value>
<status status="PASS" start="2025-06-02T22:52:49.352481" elapsed="0.216368"/>
</for>
<status status="PASS" start="2025-06-02T22:52:48.893529" elapsed="0.676299"/>
</kw>
<kw name="Inserir quantidade de milhas a ser utilizadas" owner="resources">
<kw name="Input Text" owner="SeleniumLibrary">
<msg time="2025-06-02T22:52:49.573834" level="INFO">Typing text '150' into text field '//input[@placeholder='0']'.</msg>
<arg>//input[@placeholder='0']</arg>
<arg>150</arg>
<doc>Types the given ``text`` into the text field identified by ``locator``.</doc>
<status status="PASS" start="2025-06-02T22:52:49.572829" elapsed="0.102782"/>
</kw>
<status status="PASS" start="2025-06-02T22:52:49.570832" elapsed="0.105779"/>
</kw>
<kw name="Confirmar reserva" owner="resources">
<kw name="Click Element" owner="SeleniumLibrary">
<msg time="2025-06-02T22:52:49.680624" level="INFO">Clicking element '//span[normalize-space()='Reservar']'.</msg>
<arg>//span[normalize-space()='Reservar']</arg>
<doc>Click the element identified by ``locator``.</doc>
<status status="PASS" start="2025-06-02T22:52:49.679702" elapsed="0.086773"/>
</kw>
<kw name="Wait Until Element Is Visible" owner="SeleniumLibrary">
<arg>//h2[normalize-space()='Confirmar reserva']</arg>
<doc>Waits until the element ``locator`` is visible.</doc>
<status status="PASS" start="2025-06-02T22:52:49.767473" elapsed="0.022008"/>
</kw>
<kw name="Page Should Contain" owner="SeleniumLibrary">
<msg time="2025-06-02T22:52:49.811591" level="INFO">Current page contains text 'Você está prestes a reservar 2 assentos.'.</msg>
<arg>Você está prestes a reservar 2 assentos.</arg>
<doc>Verifies that current page contains ``text``.</doc>
<status status="PASS" start="2025-06-02T22:52:49.790480" elapsed="0.021111"/>
</kw>
<kw name="Page Should Contain" owner="SeleniumLibrary">
<msg time="2025-06-02T22:52:49.833359" level="INFO">Current page contains text 'Utilizando 150 milhas para esta reserva.'.</msg>
<arg>Utilizando 150 milhas para esta reserva.</arg>
<doc>Verifies that current page contains ``text``.</doc>
<status status="PASS" start="2025-06-02T22:52:49.813487" elapsed="0.020869"/>
</kw>
<kw name="Click Element" owner="SeleniumLibrary">
<msg time="2025-06-02T22:52:49.835356" level="INFO">Clicking element '//span[normalize-space()='Confirmar']'.</msg>
<arg>//span[normalize-space()='Confirmar']</arg>
<doc>Click the element identified by ``locator``.</doc>
<status status="PASS" start="2025-06-02T22:52:49.834356" elapsed="0.062430"/>
</kw>
<status status="PASS" start="2025-06-02T22:52:49.677609" elapsed="0.220179"/>
</kw>
<kw name="A reserva deve ser criada e o sistema deve retornar o código da reserva" owner="resources">
<kw name="Wait Until Element Is Visible" owner="SeleniumLibrary">
<arg>//h2[normalize-space()='Código de reserva']</arg>
<doc>Waits until the element ``locator`` is visible.</doc>
<status status="PASS" start="2025-06-02T22:52:49.900788" elapsed="0.710014"/>
</kw>
<kw name="Get Text" owner="SeleniumLibrary">
<msg time="2025-06-02T22:52:50.652596" level="INFO">${strtemp} = Seu código de reserva é: RES0005</msg>
<var>${strtemp}</var>
<arg>//div[@class='fixed inset-0 z-50 flex items-center justify-center backdrop-blur-sm']//p[1]</arg>
<doc>Returns the text value of the element identified by ``locator``.</doc>
<status status="PASS" start="2025-06-02T22:52:50.614677" elapsed="0.037919"/>
</kw>
<kw name="Fetch From Right" owner="String">
<msg time="2025-06-02T22:52:50.654598" level="INFO">${codigo_reserva} =  RES0005</msg>
<var>${codigo_reserva}</var>
<arg>${strtemp}</arg>
<arg>Seu código de reserva é:</arg>
<doc>Returns contents of the ``string`` after the last occurrence of ``marker``.</doc>
<status status="PASS" start="2025-06-02T22:52:50.653593" elapsed="0.002044"/>
</kw>
<kw name="Strip String" owner="String">
<msg time="2025-06-02T22:52:50.657637" level="INFO">${codigo_reserva} = RES0005</msg>
<var>${codigo_reserva}</var>
<arg>${codigo_reserva}</arg>
<doc>Remove leading and/or trailing whitespaces from the given string.</doc>
<status status="PASS" start="2025-06-02T22:52:50.656642" elapsed="0.000995"/>
</kw>
<kw name="Log" owner="BuiltIn">
<msg time="2025-06-02T22:52:50.660609" level="INFO">O código da reserva é: RES0005</msg>
<arg>O código da reserva é: ${codigo_reserva}</arg>
<doc>Logs the given message with the given level.</doc>
<status status="PASS" start="2025-06-02T22:52:50.658602" elapsed="0.002007"/>
</kw>
<kw name="Set Suite Variable" owner="BuiltIn">
<msg time="2025-06-02T22:52:50.670705" level="INFO">${CLIENTE_CODIGO_RESERVA} = RES0005</msg>
<arg>${CLIENTE_CODIGO_RESERVA}</arg>
<arg>${codigo_reserva}</arg>
<doc>Makes a variable available everywhere within the scope of the current suite.</doc>
<status status="PASS" start="2025-06-02T22:52:50.662707" elapsed="0.009995"/>
</kw>
<status status="PASS" start="2025-06-02T22:52:49.899793" elapsed="0.774809"/>
</kw>
<kw name="Fechar browser" owner="resources" type="TEARDOWN">
<kw name="Capture Page Screenshot" owner="SeleniumLibrary">
<msg time="2025-06-02T22:52:50.869112" level="INFO" html="true">&lt;/td&gt;&lt;/tr&gt;&lt;tr&gt;&lt;td colspan="3"&gt;&lt;a href="selenium-screenshot-15.png"&gt;&lt;img src="selenium-screenshot-15.png" width="800px"&gt;&lt;/a&gt;</msg>
<doc>Takes a screenshot of the current page and embeds it into a log file.</doc>
<status status="PASS" start="2025-06-02T22:52:50.680604" elapsed="0.189703"/>
</kw>
<kw name="Close Browser" owner="SeleniumLibrary">
<doc>Closes the current browser.</doc>
<status status="PASS" start="2025-06-02T22:52:50.871738" elapsed="2.190618"/>
</kw>
<status status="PASS" start="2025-06-02T22:52:50.678605" elapsed="2.385258"/>
</kw>
<doc>Teste de Efetuar Reserva</doc>
<tag>Cliente</tag>
<status status="PASS" start="2025-06-02T22:52:44.029282" elapsed="9.036959"/>
</test>
<test id="s1-t7" name="R06: Consultar Extrato de Milhas" line="65">
<kw name="Abrir browser" owner="resources" type="SETUP">
<kw name="Open Browser" owner="SeleniumLibrary">
<msg time="2025-06-02T22:52:53.081942" level="INFO">Opening browser 'chrome' to base url 'None'.</msg>
<arg>browser=${BROWSER}</arg>
<doc>Opens a new browser instance to the optional ``url``.</doc>
<status status="PASS" start="2025-06-02T22:52:53.079027" elapsed="1.306735"/>
</kw>
<kw name="Maximize Browser Window" owner="SeleniumLibrary">
<doc>Maximizes current browser window.</doc>
<status status="PASS" start="2025-06-02T22:52:54.387753" elapsed="0.043976"/>
</kw>
<status status="PASS" start="2025-06-02T22:52:53.077052" elapsed="1.355656"/>
</kw>
<kw name="Acessar sistema Emiratads" owner="resources">
<kw name="Go To" owner="SeleniumLibrary">
<msg time="2025-06-02T22:52:54.436784" level="INFO">Opening url 'http://localhost:3000'</msg>
<arg>http://localhost:3000</arg>
<doc>Navigates the current browser window to the provided ``url``.</doc>
<status status="PASS" start="2025-06-02T22:52:54.436784" elapsed="0.197964"/>
</kw>
<kw name="Wait Until Element Is Visible" owner="SeleniumLibrary">
<arg>//img[@alt='emiratads-logo']</arg>
<doc>Waits until the element ``locator`` is visible.</doc>
<status status="PASS" start="2025-06-02T22:52:54.635747" elapsed="0.045616"/>
</kw>
<status status="PASS" start="2025-06-02T22:52:54.434706" elapsed="0.246657"/>
</kw>
<kw name="Realizar login cliente" owner="resources">
<kw name="Informar dados de login" owner="resources">
<kw name="Input Text" owner="SeleniumLibrary">
<msg time="2025-06-02T22:52:54.688359" level="INFO">Typing text 'leonardo15salgado@gmail.com' into text field '//input[@name='email']'.</msg>
<arg>//input[@name='email']</arg>
<arg>${CLIENTE_EMAIL}</arg>
<doc>Types the given ``text`` into the text field identified by ``locator``.</doc>
<status status="PASS" start="2025-06-02T22:52:54.687360" elapsed="0.115022"/>
</kw>
<kw name="Input Text" owner="SeleniumLibrary">
<msg time="2025-06-02T22:52:54.805387" level="INFO">Typing text '9737' into text field '//input[@name='password']'.</msg>
<arg>//input[@name='password']</arg>
<arg>${CLIENTE_SENHA}</arg>
<doc>Types the given ``text`` into the text field identified by ``locator``.</doc>
<status status="PASS" start="2025-06-02T22:52:54.803381" elapsed="0.102173"/>
</kw>
<status status="PASS" start="2025-06-02T22:52:54.685361" elapsed="0.221306"/>
</kw>
<kw name="Clicar no botão de login" owner="resources">
<kw name="Click Button" owner="SeleniumLibrary">
<msg time="2025-06-02T22:52:54.911692" level="INFO">Clicking button '//button[@type='submit']'.</msg>
<arg>//button[@type='submit']</arg>
<doc>Clicks the button identified by ``locator``.</doc>
<status status="PASS" start="2025-06-02T22:52:54.909675" elapsed="0.093441"/>
</kw>
<kw name="Sleep" owner="BuiltIn">
<msg time="2025-06-02T22:52:56.006573" level="INFO">Slept 1 second.</msg>
<arg>1s</arg>
<doc>Pauses the test executed for the given time.</doc>
<status status="PASS" start="2025-06-02T22:52:55.004122" elapsed="1.002451"/>
</kw>
<status status="PASS" start="2025-06-02T22:52:54.907673" elapsed="1.100437"/>
</kw>
<status status="PASS" start="2025-06-02T22:52:54.683365" elapsed="1.325777"/>
</kw>
<kw name="Acessar a página de extrato de milhas" owner="resources">
<kw name="Sleep" owner="BuiltIn">
<msg time="2025-06-02T22:52:57.016054" level="INFO">Slept 1 second.</msg>
<arg>1s</arg>
<doc>Pauses the test executed for the given time.</doc>
<status status="PASS" start="2025-06-02T22:52:56.013562" elapsed="1.003092"/>
</kw>
<kw name="Click Element" owner="SeleniumLibrary">
<msg time="2025-06-02T22:52:57.020297" level="INFO">Clicking element '//div[@id='shortcuts-session']//a[contains(@class,'text-slate-200 text-md w-full uppercase text-center p-2__className_c21540')][normalize-space()='Milhas']'.</msg>
<arg>//div[@id='shortcuts-session']//a[contains(@class,'text-slate-200 text-md w-full uppercase text-center p-2__className_c21540')][normalize-space()='Milhas']</arg>
<doc>Click the element identified by ``locator``.</doc>
<status status="PASS" start="2025-06-02T22:52:57.018659" elapsed="0.114292"/>
</kw>
<kw name="Wait Until Element Is Visible" owner="SeleniumLibrary">
<arg>//h1[normalize-space()='Extrato de Milhas']</arg>
<doc>Waits until the element ``locator`` is visible.</doc>
<status status="PASS" start="2025-06-02T22:52:57.138028" elapsed="0.107121"/>
</kw>
<status status="PASS" start="2025-06-02T22:52:56.012040" elapsed="1.236116"/>
</kw>
<kw name="Verificar se novo saldo de milhas é 850" owner="resources" source_name="Verificar se novo saldo de milhas é ${VALOR}">
<kw name="Sleep" owner="BuiltIn">
<msg time="2025-06-02T22:52:57.767317" level="INFO">Slept 500 milliseconds.</msg>
<arg>0.5s</arg>
<doc>Pauses the test executed for the given time.</doc>
<status status="PASS" start="2025-06-02T22:52:57.264726" elapsed="0.503676"/>
</kw>
<kw name="Strip String" owner="String">
<msg time="2025-06-02T22:52:57.772444" level="INFO">${VALOR} = 850</msg>
<var>${VALOR}</var>
<arg>${VALOR}</arg>
<doc>Remove leading and/or trailing whitespaces from the given string.</doc>
<status status="PASS" start="2025-06-02T22:52:57.769371" elapsed="0.004577"/>
</kw>
<kw name="Element Should Be Visible" owner="SeleniumLibrary">
<msg time="2025-06-02T22:52:57.801595" level="INFO">Element '//h1[normalize-space()='Seu saldo em milhas: 850']' is displayed.</msg>
<arg>//h1[normalize-space()='Seu saldo em milhas: ${VALOR}']</arg>
<doc>Verifies that the element identified by ``locator`` is visible.</doc>
<status status="PASS" start="2025-06-02T22:52:57.776049" elapsed="0.026547"/>
</kw>
<kw name="Get Text" owner="SeleniumLibrary">
<msg time="2025-06-02T22:52:57.825012" level="INFO">${strtemp} = Seu saldo em milhas: 850</msg>
<var>${strtemp}</var>
<arg>//h1[normalize-space()='Seu saldo em milhas: ${VALOR}']</arg>
<doc>Returns the text value of the element identified by ``locator``.</doc>
<status status="PASS" start="2025-06-02T22:52:57.803595" elapsed="0.022312"/>
</kw>
<kw name="Replace String" owner="String">
<msg time="2025-06-02T22:52:57.829004" level="INFO">${saldo} =  850</msg>
<var>${saldo}</var>
<arg>${strtemp}</arg>
<arg>Seu saldo em milhas:</arg>
<arg>${EMPTY}</arg>
<doc>Replaces ``search_for`` in the given ``string`` with ``replace_with``.</doc>
<status status="PASS" start="2025-06-02T22:52:57.826992" elapsed="0.003007"/>
</kw>
<kw name="Convert To Integer" owner="BuiltIn">
<msg time="2025-06-02T22:52:57.831908" level="INFO">${saldo} = 850</msg>
<var>${saldo}</var>
<arg>${saldo}</arg>
<doc>Converts the given item to an integer number.</doc>
<status status="PASS" start="2025-06-02T22:52:57.829999" elapsed="0.002907"/>
</kw>
<kw name="Log" owner="BuiltIn">
<msg time="2025-06-02T22:52:57.834913" level="INFO">O saldo atual em milhas é: 850</msg>
<arg>O saldo atual em milhas é: ${saldo}</arg>
<doc>Logs the given message with the given level.</doc>
<status status="PASS" start="2025-06-02T22:52:57.833912" elapsed="0.001001"/>
</kw>
<kw name="Set Suite Variable" owner="BuiltIn">
<msg time="2025-06-02T22:52:57.838014" level="INFO">${CLIENTE_SALDO} = 850</msg>
<arg>${CLIENTE_SALDO}</arg>
<arg>${saldo}</arg>
<doc>Makes a variable available everywhere within the scope of the current suite.</doc>
<status status="PASS" start="2025-06-02T22:52:57.835914" elapsed="0.003091"/>
</kw>
<status status="PASS" start="2025-06-02T22:52:57.261684" elapsed="0.578344"/>
</kw>
<kw name="Verificar se a transação de compra de milhas está presente no extrato" owner="resources">
<kw name="Element Should Be Visible" owner="SeleniumLibrary">
<msg time="2025-06-02T22:52:57.866799" level="INFO">Element '//div[normalize-space()='ENTRADA']' is displayed.</msg>
<arg>//div[normalize-space()='ENTRADA']</arg>
<doc>Verifies that the element identified by ``locator`` is visible.</doc>
<status status="PASS" start="2025-06-02T22:52:57.843994" elapsed="0.023888"/>
</kw>
<kw name="Element Should Be Visible" owner="SeleniumLibrary">
<msg time="2025-06-02T22:52:57.885806" level="INFO">Element '//div[normalize-space()='COMPRA DE MILHAS']' is displayed.</msg>
<arg>//div[normalize-space()='COMPRA DE MILHAS']</arg>
<doc>Verifies that the element identified by ``locator`` is visible.</doc>
<status status="PASS" start="2025-06-02T22:52:57.868887" elapsed="0.017942"/>
</kw>
<status status="PASS" start="2025-06-02T22:52:57.841912" elapsed="0.045912"/>
</kw>
<kw name="Verificar se a transação de reserva de voo está presente no extrato" owner="resources">
<kw name="Element Should Be Visible" owner="SeleniumLibrary">
<msg time="2025-06-02T22:52:57.907585" level="INFO">Element '//div[normalize-space()='SAIDA']' is displayed.</msg>
<arg>//div[normalize-space()='SAIDA']</arg>
<doc>Verifies that the element identified by ``locator`` is visible.</doc>
<status status="PASS" start="2025-06-02T22:52:57.890828" elapsed="0.017759"/>
</kw>
<kw name="Element Should Be Visible" owner="SeleniumLibrary">
<msg time="2025-06-02T22:52:57.929829" level="INFO">Element '//a[normalize-space()='Ver reserva']' is displayed.</msg>
<arg>//a[normalize-space()='Ver reserva']</arg>
<doc>Verifies that the element identified by ``locator`` is visible.</doc>
<status status="PASS" start="2025-06-02T22:52:57.909588" elapsed="0.020241"/>
</kw>
<status status="PASS" start="2025-06-02T22:52:57.888808" elapsed="0.042016"/>
</kw>
<kw name="Fechar browser" owner="resources" type="TEARDOWN">
<kw name="Capture Page Screenshot" owner="SeleniumLibrary">
<msg time="2025-06-02T22:52:58.038663" level="INFO" html="true">&lt;/td&gt;&lt;/tr&gt;&lt;tr&gt;&lt;td colspan="3"&gt;&lt;a href="selenium-screenshot-16.png"&gt;&lt;img src="selenium-screenshot-16.png" width="800px"&gt;&lt;/a&gt;</msg>
<doc>Takes a screenshot of the current page and embeds it into a log file.</doc>
<status status="PASS" start="2025-06-02T22:52:57.935814" elapsed="0.105756"/>
</kw>
<kw name="Close Browser" owner="SeleniumLibrary">
<doc>Closes the current browser.</doc>
<status status="PASS" start="2025-06-02T22:52:58.043571" elapsed="2.167001"/>
</kw>
<status status="PASS" start="2025-06-02T22:52:57.932814" elapsed="2.278715"/>
</kw>
<doc>Teste de Consulta de Extrato de Milhas</doc>
<tag>Cliente</tag>
<status status="PASS" start="2025-06-02T22:52:53.068261" elapsed="7.144180"/>
</test>
<test id="s1-t8" name="R04: Ver Reserva" line="75">
<kw name="Abrir browser" owner="resources" type="SETUP">
<kw name="Open Browser" owner="SeleniumLibrary">
<msg time="2025-06-02T22:53:00.225528" level="INFO">Opening browser 'chrome' to base url 'None'.</msg>
<arg>browser=${BROWSER}</arg>
<doc>Opens a new browser instance to the optional ``url``.</doc>
<status status="PASS" start="2025-06-02T22:53:00.223525" elapsed="1.314188"/>
</kw>
<kw name="Maximize Browser Window" owner="SeleniumLibrary">
<doc>Maximizes current browser window.</doc>
<status status="PASS" start="2025-06-02T22:53:01.539712" elapsed="0.028568"/>
</kw>
<status status="PASS" start="2025-06-02T22:53:00.221523" elapsed="1.347754"/>
</kw>
<kw name="Acessar sistema Emiratads" owner="resources">
<kw name="Go To" owner="SeleniumLibrary">
<msg time="2025-06-02T22:53:01.574796" level="INFO">Opening url 'http://localhost:3000'</msg>
<arg>http://localhost:3000</arg>
<doc>Navigates the current browser window to the provided ``url``.</doc>
<status status="PASS" start="2025-06-02T22:53:01.573787" elapsed="0.232927"/>
</kw>
<kw name="Wait Until Element Is Visible" owner="SeleniumLibrary">
<arg>//img[@alt='emiratads-logo']</arg>
<doc>Waits until the element ``locator`` is visible.</doc>
<status status="PASS" start="2025-06-02T22:53:01.808694" elapsed="0.048232"/>
</kw>
<status status="PASS" start="2025-06-02T22:53:01.571277" elapsed="0.286753"/>
</kw>
<kw name="Realizar login cliente" owner="resources">
<kw name="Informar dados de login" owner="resources">
<kw name="Input Text" owner="SeleniumLibrary">
<msg time="2025-06-02T22:53:01.867613" level="INFO">Typing text 'leonardo15salgado@gmail.com' into text field '//input[@name='email']'.</msg>
<arg>//input[@name='email']</arg>
<arg>${CLIENTE_EMAIL}</arg>
<doc>Types the given ``text`` into the text field identified by ``locator``.</doc>
<status status="PASS" start="2025-06-02T22:53:01.865612" elapsed="0.121926"/>
</kw>
<kw name="Input Text" owner="SeleniumLibrary">
<msg time="2025-06-02T22:53:01.990538" level="INFO">Typing text '9737' into text field '//input[@name='password']'.</msg>
<arg>//input[@name='password']</arg>
<arg>${CLIENTE_SENHA}</arg>
<doc>Types the given ``text`` into the text field identified by ``locator``.</doc>
<status status="PASS" start="2025-06-02T22:53:01.989536" elapsed="0.067781"/>
</kw>
<status status="PASS" start="2025-06-02T22:53:01.862054" elapsed="0.196262"/>
</kw>
<kw name="Clicar no botão de login" owner="resources">
<kw name="Click Button" owner="SeleniumLibrary">
<msg time="2025-06-02T22:53:02.064326" level="INFO">Clicking button '//button[@type='submit']'.</msg>
<arg>//button[@type='submit']</arg>
<doc>Clicks the button identified by ``locator``.</doc>
<status status="PASS" start="2025-06-02T22:53:02.061785" elapsed="0.089041"/>
</kw>
<kw name="Sleep" owner="BuiltIn">
<msg time="2025-06-02T22:53:03.152339" level="INFO">Slept 1 second.</msg>
<arg>1s</arg>
<doc>Pauses the test executed for the given time.</doc>
<status status="PASS" start="2025-06-02T22:53:02.150826" elapsed="1.001513"/>
</kw>
<status status="PASS" start="2025-06-02T22:53:02.059315" elapsed="1.094539"/>
</kw>
<status status="PASS" start="2025-06-02T22:53:01.860040" elapsed="1.294828"/>
</kw>
<kw name="Pesquisar reserva pelo código ${CLIENTE_CODIGO_RESERVA}" owner="resources" source_name="Pesquisar reserva pelo código ${CODIGO}">
<kw name="Input Text" owner="SeleniumLibrary">
<msg time="2025-06-02T22:53:03.159869" level="INFO">Typing text 'RES0005' into text field '//input[@placeholder='Pesquisar:']'.</msg>
<arg>//input[@placeholder='Pesquisar:']</arg>
<arg>${CODIGO}</arg>
<doc>Types the given ``text`` into the text field identified by ``locator``.</doc>
<status status="PASS" start="2025-06-02T22:53:03.158869" elapsed="0.186359"/>
</kw>
<status status="PASS" start="2025-06-02T22:53:03.156871" elapsed="0.189349"/>
</kw>
<kw name="Clicar em Ver Reserva" owner="resources">
<kw name="Click Element" owner="SeleniumLibrary">
<msg time="2025-06-02T22:53:03.351279" level="INFO">Clicking element '//span[normalize-space()='Ver Reserva']'.</msg>
<arg>//span[normalize-space()='Ver Reserva']</arg>
<doc>Click the element identified by ``locator``.</doc>
<status status="PASS" start="2025-06-02T22:53:03.350747" elapsed="0.062783"/>
</kw>
<kw name="Wait Until Element Is Visible" owner="SeleniumLibrary">
<arg>//h1[normalize-space()='Detalhes da Reserva']</arg>
<doc>Waits until the element ``locator`` is visible.</doc>
<status status="PASS" start="2025-06-02T22:53:03.414504" elapsed="0.256899"/>
</kw>
<status status="PASS" start="2025-06-02T22:53:03.347220" elapsed="0.325190"/>
</kw>
<kw name="A reserva deve estar no estado CRIADA" owner="resources" source_name="A reserva deve estar no estado ${estado}">
<kw name="Element Should Be Visible" owner="SeleniumLibrary">
<msg time="2025-06-02T22:53:03.740010" level="INFO">Element '//p[normalize-space()='CRIADA']' is displayed.</msg>
<arg>//p[normalize-space()='${estado}']</arg>
<doc>Verifies that the element identified by ``locator`` is visible.</doc>
<status status="PASS" start="2025-06-02T22:53:03.679952" elapsed="0.061141"/>
</kw>
<status status="PASS" start="2025-06-02T22:53:03.675857" elapsed="0.065236"/>
</kw>
<kw name="O voo deve estar com o status CONFIRMADO" owner="resources" source_name="O voo deve estar com o status ${status}">
<kw name="Element Should Be Visible" owner="SeleniumLibrary">
<msg time="2025-06-02T22:53:03.772721" level="INFO">Element '//p[normalize-space()='CONFIRMADO']' is displayed.</msg>
<arg>//p[normalize-space()='${status}']</arg>
<doc>Verifies that the element identified by ``locator`` is visible.</doc>
<status status="PASS" start="2025-06-02T22:53:03.744630" elapsed="0.030095"/>
</kw>
<status status="PASS" start="2025-06-02T22:53:03.742115" elapsed="0.034639"/>
</kw>
<kw name="Fechar browser" owner="resources" type="TEARDOWN">
<kw name="Capture Page Screenshot" owner="SeleniumLibrary">
<msg time="2025-06-02T22:53:03.862801" level="INFO" html="true">&lt;/td&gt;&lt;/tr&gt;&lt;tr&gt;&lt;td colspan="3"&gt;&lt;a href="selenium-screenshot-17.png"&gt;&lt;img src="selenium-screenshot-17.png" width="800px"&gt;&lt;/a&gt;</msg>
<doc>Takes a screenshot of the current page and embeds it into a log file.</doc>
<status status="PASS" start="2025-06-02T22:53:03.782742" elapsed="0.081141"/>
</kw>
<kw name="Close Browser" owner="SeleniumLibrary">
<doc>Closes the current browser.</doc>
<status status="PASS" start="2025-06-02T22:53:03.864795" elapsed="2.151851"/>
</kw>
<status status="PASS" start="2025-06-02T22:53:03.780752" elapsed="2.238894"/>
</kw>
<doc>Teste de Consulta de Reserva</doc>
<tag>Cliente</tag>
<status status="PASS" start="2025-06-02T22:53:00.216411" elapsed="5.805235"/>
</test>
<test id="s1-t9" name="R08: Cancelar Reserva" line="85">
<kw name="Abrir browser" owner="resources" type="SETUP">
<kw name="Open Browser" owner="SeleniumLibrary">
<msg time="2025-06-02T22:53:06.034652" level="INFO">Opening browser 'chrome' to base url 'None'.</msg>
<arg>browser=${BROWSER}</arg>
<doc>Opens a new browser instance to the optional ``url``.</doc>
<status status="PASS" start="2025-06-02T22:53:06.032678" elapsed="1.285794"/>
</kw>
<kw name="Maximize Browser Window" owner="SeleniumLibrary">
<doc>Maximizes current browser window.</doc>
<status status="PASS" start="2025-06-02T22:53:07.319469" elapsed="0.039761"/>
</kw>
<status status="PASS" start="2025-06-02T22:53:06.029730" elapsed="1.330489"/>
</kw>
<kw name="Acessar sistema Emiratads" owner="resources">
<kw name="Go To" owner="SeleniumLibrary">
<msg time="2025-06-02T22:53:07.368146" level="INFO">Opening url 'http://localhost:3000'</msg>
<arg>http://localhost:3000</arg>
<doc>Navigates the current browser window to the provided ``url``.</doc>
<status status="PASS" start="2025-06-02T22:53:07.366137" elapsed="0.245489"/>
</kw>
<kw name="Wait Until Element Is Visible" owner="SeleniumLibrary">
<arg>//img[@alt='emiratads-logo']</arg>
<doc>Waits until the element ``locator`` is visible.</doc>
<status status="PASS" start="2025-06-02T22:53:07.614053" elapsed="0.035916"/>
</kw>
<status status="PASS" start="2025-06-02T22:53:07.362227" elapsed="0.288740"/>
</kw>
<kw name="Realizar login cliente" owner="resources">
<kw name="Informar dados de login" owner="resources">
<kw name="Input Text" owner="SeleniumLibrary">
<msg time="2025-06-02T22:53:07.660002" level="INFO">Typing text 'leonardo15salgado@gmail.com' into text field '//input[@name='email']'.</msg>
<arg>//input[@name='email']</arg>
<arg>${CLIENTE_EMAIL}</arg>
<doc>Types the given ``text`` into the text field identified by ``locator``.</doc>
<status status="PASS" start="2025-06-02T22:53:07.658006" elapsed="0.136573"/>
</kw>
<kw name="Input Text" owner="SeleniumLibrary">
<msg time="2025-06-02T22:53:07.797580" level="INFO">Typing text '9737' into text field '//input[@name='password']'.</msg>
<arg>//input[@name='password']</arg>
<arg>${CLIENTE_SENHA}</arg>
<doc>Types the given ``text`` into the text field identified by ``locator``.</doc>
<status status="PASS" start="2025-06-02T22:53:07.795579" elapsed="0.072759"/>
</kw>
<status status="PASS" start="2025-06-02T22:53:07.657004" elapsed="0.212334"/>
</kw>
<kw name="Clicar no botão de login" owner="resources">
<kw name="Click Button" owner="SeleniumLibrary">
<msg time="2025-06-02T22:53:07.872357" level="INFO">Clicking button '//button[@type='submit']'.</msg>
<arg>//button[@type='submit']</arg>
<doc>Clicks the button identified by ``locator``.</doc>
<status status="PASS" start="2025-06-02T22:53:07.871363" elapsed="0.115759"/>
</kw>
<kw name="Sleep" owner="BuiltIn">
<msg time="2025-06-02T22:53:08.989401" level="INFO">Slept 1 second.</msg>
<arg>1s</arg>
<doc>Pauses the test executed for the given time.</doc>
<status status="PASS" start="2025-06-02T22:53:07.988130" elapsed="1.002375"/>
</kw>
<status status="PASS" start="2025-06-02T22:53:07.870339" elapsed="1.122160"/>
</kw>
<status status="PASS" start="2025-06-02T22:53:07.653475" elapsed="1.340016"/>
</kw>
<kw name="Criar uma nova reserva de CWB para POA em TADS0003" owner="resources" source_name="Criar uma nova reserva de ${ORIGEM} para ${DESTINO} em ${VOO}">
<kw name="Acessar a página de voos" owner="resources">
<kw name="Sleep" owner="BuiltIn">
<msg time="2025-06-02T22:53:10.003992" level="INFO">Slept 1 second.</msg>
<arg>1s</arg>
<doc>Pauses the test executed for the given time.</doc>
<status status="PASS" start="2025-06-02T22:53:09.001450" elapsed="1.004090"/>
</kw>
<kw name="Click Element" owner="SeleniumLibrary">
<msg time="2025-06-02T22:53:10.009635" level="INFO">Clicking element '//div[@id='shortcuts-session']//a[contains(@class,'text-slate-200 text-md w-full uppercase text-center p-2__className_c21540')][normalize-space()='Voos']'.</msg>
<arg>//div[@id='shortcuts-session']//a[contains(@class,'text-slate-200 text-md w-full uppercase text-center p-2__className_c21540')][normalize-space()='Voos']</arg>
<doc>Click the element identified by ``locator``.</doc>
<status status="PASS" start="2025-06-02T22:53:10.007624" elapsed="0.120279"/>
</kw>
<kw name="Wait Until Element Is Visible" owner="SeleniumLibrary">
<arg>//h1[normalize-space()='Buscar Voos']</arg>
<doc>Waits until the element ``locator`` is visible.</doc>
<status status="PASS" start="2025-06-02T22:53:10.128903" elapsed="0.055655"/>
</kw>
<status status="PASS" start="2025-06-02T22:53:08.999414" elapsed="1.186177"/>
</kw>
<kw name="Selecionar aeroporto de origem ${ORIGEM} e destino ${DESTINO} para o voo ${VOO}" owner="resources" source_name="Selecionar aeroporto de origem ${ORIGEM} e destino ${DESTINO} para o voo ${VOO}">
<kw name="Select From List By Value" owner="SeleniumLibrary">
<msg time="2025-06-02T22:53:10.191703" level="INFO">Selecting options from selection list '//select[@name='OriginAirport']' by value CWB.</msg>
<arg>//select[@name='OriginAirport']</arg>
<arg>${ORIGEM}</arg>
<doc>Selects options from selection list ``locator`` by ``values``.</doc>
<status status="PASS" start="2025-06-02T22:53:10.188655" elapsed="0.086796"/>
</kw>
<kw name="Select From List By Value" owner="SeleniumLibrary">
<msg time="2025-06-02T22:53:10.278918" level="INFO">Selecting options from selection list '//select[@name='DestinationAirport']' by value POA.</msg>
<arg>//select[@name='DestinationAirport']</arg>
<arg>${DESTINO}</arg>
<doc>Selects options from selection list ``locator`` by ``values``.</doc>
<status status="PASS" start="2025-06-02T22:53:10.277395" elapsed="0.084257"/>
</kw>
<kw name="Click Element" owner="SeleniumLibrary">
<msg time="2025-06-02T22:53:10.363656" level="INFO">Clicking element '//button[@type='submit']'.</msg>
<arg>//button[@type='submit']</arg>
<doc>Click the element identified by ``locator``.</doc>
<status status="PASS" start="2025-06-02T22:53:10.362651" elapsed="0.060138"/>
</kw>
<kw name="Sleep" owner="BuiltIn">
<msg time="2025-06-02T22:53:10.926315" level="INFO">Slept 500 milliseconds.</msg>
<arg>0.5s</arg>
<doc>Pauses the test executed for the given time.</doc>
<status status="PASS" start="2025-06-02T22:53:10.423811" elapsed="0.502504"/>
</kw>
<kw name="Element Should Be Visible" owner="SeleniumLibrary">
<msg time="2025-06-02T22:53:10.957960" level="INFO">Element '//td[normalize-space()='TADS0003']' is displayed.</msg>
<arg>//td[normalize-space()='${VOO}']</arg>
<doc>Verifies that the element identified by ``locator`` is visible.</doc>
<status status="PASS" start="2025-06-02T22:53:10.928407" elapsed="0.029553"/>
</kw>
<status status="PASS" start="2025-06-02T22:53:10.186654" elapsed="0.772307"/>
</kw>
<kw name="Selecionar voo ${VOO} e assentos 9,10" owner="resources" source_name="Selecionar voo ${voo} e assentos ${assentos}">
<kw name="Split String" owner="String">
<msg time="2025-06-02T22:53:10.965502" level="INFO">${assentos} = ['9', '10']</msg>
<var>${assentos}</var>
<arg>${assentos}</arg>
<arg>,</arg>
<doc>Splits the ``string`` using ``separator`` as a delimiter string.</doc>
<status status="PASS" start="2025-06-02T22:53:10.961968" elapsed="0.004528"/>
</kw>
<kw name="Click Element" owner="SeleniumLibrary">
<msg time="2025-06-02T22:53:10.968586" level="INFO">Clicking element '//button[@class='cursor-pointer flex items-center justify-center gap-2 bg-transparent border-2 border-indigo-600 text-indigo-600 hover:bg-indigo-600 hover:text-white p-3 rounded-lg ']'.</msg>
<arg>//button[@class='cursor-pointer flex items-center justify-center gap-2 bg-transparent border-2 border-indigo-600 text-indigo-600 hover:bg-indigo-600 hover:text-white p-3 rounded-lg ']</arg>
<doc>Click the element identified by ``locator``.</doc>
<status status="PASS" start="2025-06-02T22:53:10.967554" elapsed="0.169047"/>
</kw>
<kw name="Wait Until Element Is Visible" owner="SeleniumLibrary">
<arg>//h1[normalize-space()='Detalhes do voo: ${voo}']</arg>
<doc>Waits until the element ``locator`` is visible.</doc>
<status status="PASS" start="2025-06-02T22:53:11.137596" elapsed="0.280155"/>
</kw>
<kw name="Get Text" owner="SeleniumLibrary">
<msg time="2025-06-02T22:53:11.459225" level="INFO">${strtemp} = DETALHES DO VOO: TADS0003</msg>
<var>${strtemp}</var>
<arg>//h1[normalize-space()='Detalhes do voo: ${voo}']</arg>
<doc>Returns the text value of the element identified by ``locator``.</doc>
[...]
</kw>
<kw name="Wait Until Element Is Visible" owner="SeleniumLibrary">
<arg>//img[@alt='emiratads-logo']</arg>
<doc>Waits until the element ``locator`` is visible.</doc>
<status status="PASS" start="2025-06-02T22:54:36.615779" elapsed="0.034514"/>
</kw>
<status status="PASS" start="2025-06-02T22:54:36.374599" elapsed="0.276694"/>
</kw>
<kw name="Realizar login funcionário" owner="resources">
<kw name="Input Text" owner="SeleniumLibrary">
<msg time="2025-06-02T22:54:36.658027" level="INFO">Typing text 'func_pre@gmail.com' into text field '//input[@name='email']'.</msg>
<arg>//input[@name='email']</arg>
<arg>${FUNCIONARIO_LOGIN}</arg>
<doc>Types the given ``text`` into the text field identified by ``locator``.</doc>
<status status="PASS" start="2025-06-02T22:54:36.655028" elapsed="0.122769"/>
</kw>
<kw name="Input Text" owner="SeleniumLibrary">
<msg time="2025-06-02T22:54:36.780774" level="INFO">Typing text 'TADS' into text field '//input[@name='password']'.</msg>
<arg>//input[@name='password']</arg>
<arg>${FUNCIONARIO_SENHA}</arg>
<doc>Types the given ``text`` into the text field identified by ``locator``.</doc>
<status status="PASS" start="2025-06-02T22:54:36.778792" elapsed="0.074570"/>
</kw>
<kw name="Click Button" owner="SeleniumLibrary">
<msg time="2025-06-02T22:54:36.855890" level="INFO">Clicking button '//button[@type='submit']'.</msg>
<arg>//button[@type='submit']</arg>
<doc>Clicks the button identified by ``locator``.</doc>
<status status="PASS" start="2025-06-02T22:54:36.853867" elapsed="0.087678"/>
</kw>
<status status="PASS" start="2025-06-02T22:54:36.653017" elapsed="0.289530"/>
</kw>
<kw name="Acessar a página de funcionários" owner="resources">
<kw name="Sleep" owner="BuiltIn">
<msg time="2025-06-02T22:54:37.949032" level="INFO">Slept 1 second.</msg>
<arg>1s</arg>
<doc>Pauses the test executed for the given time.</doc>
<status status="PASS" start="2025-06-02T22:54:36.946771" elapsed="1.002261"/>
</kw>
<kw name="Click Element" owner="SeleniumLibrary">
<msg time="2025-06-02T22:54:37.953556" level="INFO">Clicking element '//div[@id='shortcuts-session']//a[contains(@class,'text-slate-200 text-md w-full uppercase text-center p-2__className_c21540')][normalize-space()='Funcionários']'.</msg>
<arg>//div[@id='shortcuts-session']//a[contains(@class,'text-slate-200 text-md w-full uppercase text-center p-2__className_c21540')][normalize-space()='Funcionários']</arg>
<doc>Click the element identified by ``locator``.</doc>
<status status="PASS" start="2025-06-02T22:54:37.951048" elapsed="0.119590"/>
</kw>
<kw name="Wait Until Element Is Visible" owner="SeleniumLibrary">
<arg>//h1[normalize-space()='Funcionários']</arg>
<doc>Waits until the element ``locator`` is visible.</doc>
<status status="PASS" start="2025-06-02T22:54:38.072145" elapsed="0.056575"/>
</kw>
<status status="PASS" start="2025-06-02T22:54:36.945612" elapsed="1.184112"/>
</kw>
<kw name="Verificar se ${FUNCIONARIO_NOVO} está presente na lista de funcionários" owner="resources" source_name="Verificar se ${FUNCIONARIO_LOGIN} está presente na lista de funcionários">
<kw name="Input Text" owner="SeleniumLibrary">
<msg time="2025-06-02T22:54:38.137472" level="INFO">Typing text 'alisson.gab.santos@gmail.com' into text field '//input[@placeholder='Pesquisar:']'.</msg>
<arg>//input[@placeholder='Pesquisar:']</arg>
<arg>${FUNCIONARIO_LOGIN}</arg>
<doc>Types the given ``text`` into the text field identified by ``locator``.</doc>
<status status="PASS" start="2025-06-02T22:54:38.135161" elapsed="0.135267"/>
</kw>
<kw name="Sleep" owner="BuiltIn">
<msg time="2025-06-02T22:54:39.273678" level="INFO">Slept 1 second.</msg>
<arg>1s</arg>
<doc>Pauses the test executed for the given time.</doc>
<status status="PASS" start="2025-06-02T22:54:38.272432" elapsed="1.001751"/>
</kw>
<kw name="Element Should Be Visible" owner="SeleniumLibrary">
<msg time="2025-06-02T22:54:39.305719" level="INFO">Element '//td[normalize-space()='alisson.gab.santos@gmail.com']' is displayed.</msg>
<arg>//td[normalize-space()='${FUNCIONARIO_LOGIN}']</arg>
<doc>Verifies that the element identified by ``locator`` is visible.</doc>
<status status="PASS" start="2025-06-02T22:54:39.276282" elapsed="0.029437"/>
</kw>
<status status="PASS" start="2025-06-02T22:54:38.133152" elapsed="1.173566"/>
</kw>
<kw name="Clicar em Editar Funcionário" owner="resources">
<kw name="Click Element" owner="SeleniumLibrary">
<msg time="2025-06-02T22:54:39.311724" level="INFO">Clicking element '//tbody/tr[contains(@class,'odd:bg-slate-900 even:bg-slate-800 __className_c21540 text-slate-300')]/td[7]/button[1]'.</msg>
<arg>//tbody/tr[contains(@class,'odd:bg-slate-900 even:bg-slate-800 __className_c21540 text-slate-300')]/td[7]/button[1]</arg>
<doc>Click the element identified by ``locator``.</doc>
<status status="PASS" start="2025-06-02T22:54:39.309698" elapsed="0.071438"/>
</kw>
<kw name="Wait Until Element Is Visible" owner="SeleniumLibrary">
<arg>//h2[normalize-space()='Editar Funcionário']</arg>
<doc>Waits until the element ``locator`` is visible.</doc>
<status status="PASS" start="2025-06-02T22:54:39.382148" elapsed="0.024622"/>
</kw>
<status status="PASS" start="2025-06-02T22:54:39.308699" elapsed="0.099069"/>
</kw>
<kw name="Preencher novo dados do funcionário" owner="resources">
<kw name="Input Text" owner="SeleniumLibrary">
<msg time="2025-06-02T22:54:39.411764" level="INFO">Typing text '41987654321' into text field '//input[@name='telefone']'.</msg>
<arg>//input[@name='telefone']</arg>
<arg>41987654321</arg>
<doc>Types the given ``text`` into the text field identified by ``locator``.</doc>
<status status="PASS" start="2025-06-02T22:54:39.410764" elapsed="0.231323"/>
</kw>
<status status="PASS" start="2025-06-02T22:54:39.408763" elapsed="0.234834"/>
</kw>
<kw name="Clicar em Salvar Funcionário" owner="resources">
<kw name="Click Element" owner="SeleniumLibrary">
<msg time="2025-06-02T22:54:39.648901" level="INFO">Clicking element '//span[normalize-space()='Salvar']'.</msg>
<arg>//span[normalize-space()='Salvar']</arg>
<doc>Click the element identified by ``locator``.</doc>
<status status="PASS" start="2025-06-02T22:54:39.646049" elapsed="0.071783"/>
</kw>
<kw name="Sleep" owner="BuiltIn">
<msg time="2025-06-02T22:54:40.720896" level="INFO">Slept 1 second.</msg>
<arg>1s</arg>
<doc>Pauses the test executed for the given time.</doc>
<status status="PASS" start="2025-06-02T22:54:39.719833" elapsed="1.002072"/>
</kw>
<status status="PASS" start="2025-06-02T22:54:39.645041" elapsed="1.078383"/>
</kw>
<kw name="Verificar se ${FUNCIONARIO_NOVO} foi atualizado na lista de funcionários" owner="resources" source_name="Verificar se ${FUNCIONARIO_NOVO} foi atualizado na lista de funcionários">
<kw name="Verificar se ${FUNCIONARIO_NOVO} está presente na lista de funcionários" owner="resources" source_name="Verificar se ${FUNCIONARIO_LOGIN} está presente na lista de funcionários">
<kw name="Input Text" owner="SeleniumLibrary">
<msg time="2025-06-02T22:54:40.737584" level="INFO">Typing text 'alisson.gab.santos@gmail.com' into text field '//input[@placeholder='Pesquisar:']'.</msg>
<arg>//input[@placeholder='Pesquisar:']</arg>
<arg>${FUNCIONARIO_LOGIN}</arg>
<doc>Types the given ``text`` into the text field identified by ``locator``.</doc>
<status status="PASS" start="2025-06-02T22:54:40.733465" elapsed="0.132949"/>
</kw>
<kw name="Sleep" owner="BuiltIn">
<msg time="2025-06-02T22:54:41.868838" level="INFO">Slept 1 second.</msg>
<arg>1s</arg>
<doc>Pauses the test executed for the given time.</doc>
<status status="PASS" start="2025-06-02T22:54:40.867505" elapsed="1.002425"/>
</kw>
<kw name="Element Should Be Visible" owner="SeleniumLibrary">
<msg time="2025-06-02T22:54:41.894633" level="INFO">Element '//td[normalize-space()='alisson.gab.santos@gmail.com']' is displayed.</msg>
<arg>//td[normalize-space()='${FUNCIONARIO_LOGIN}']</arg>
<doc>Verifies that the element identified by ``locator`` is visible.</doc>
<status status="PASS" start="2025-06-02T22:54:41.870938" elapsed="0.024689"/>
</kw>
<status status="PASS" start="2025-06-02T22:54:40.730067" elapsed="1.165560"/>
</kw>
<kw name="Sleep" owner="BuiltIn">
<msg time="2025-06-02T22:54:42.398087" level="INFO">Slept 500 milliseconds.</msg>
<arg>0.5s</arg>
<doc>Pauses the test executed for the given time.</doc>
<status status="PASS" start="2025-06-02T22:54:41.896627" elapsed="0.502480"/>
</kw>
<kw name="Element Should Be Visible" owner="SeleniumLibrary">
<msg time="2025-06-02T22:54:42.423856" level="INFO">Element '//td[normalize-space()='(41) 98765-4321']' is displayed.</msg>
<arg>//td[normalize-space()='(41) 98765-4321']</arg>
<doc>Verifies that the element identified by ``locator`` is visible.</doc>
<status status="PASS" start="2025-06-02T22:54:42.400092" elapsed="0.024800"/>
</kw>
<status status="PASS" start="2025-06-02T22:54:40.725940" elapsed="1.698952"/>
</kw>
<kw name="Fechar browser" owner="resources" type="TEARDOWN">
<kw name="Capture Page Screenshot" owner="SeleniumLibrary">
<msg time="2025-06-02T22:54:42.508877" level="INFO" html="true">&lt;/td&gt;&lt;/tr&gt;&lt;tr&gt;&lt;td colspan="3"&gt;&lt;a href="selenium-screenshot-28.png"&gt;&lt;img src="selenium-screenshot-28.png" width="800px"&gt;&lt;/a&gt;</msg>
<doc>Takes a screenshot of the current page and embeds it into a log file.</doc>
<status status="PASS" start="2025-06-02T22:54:42.429918" elapsed="0.079960"/>
</kw>
<kw name="Close Browser" owner="SeleniumLibrary">
<doc>Closes the current browser.</doc>
<status status="PASS" start="2025-06-02T22:54:42.510969" elapsed="2.185268"/>
</kw>
<status status="PASS" start="2025-06-02T22:54:42.427901" elapsed="2.269246"/>
</kw>
<doc>Teste de Alteração de Funcionário</doc>
<tag>Funcionário</tag>
<status status="PASS" start="2025-06-02T22:54:34.984826" elapsed="9.714331"/>
</test>
<test id="s1-t20" name="R19: (CRUD de Funcionário) Remoção de Funcionário" line="211">
<kw name="Abrir browser" owner="resources" type="SETUP">
<kw name="Open Browser" owner="SeleniumLibrary">
<msg time="2025-06-02T22:54:44.710769" level="INFO">Opening browser 'chrome' to base url 'None'.</msg>
<arg>browser=${BROWSER}</arg>
<doc>Opens a new browser instance to the optional ``url``.</doc>
<status status="PASS" start="2025-06-02T22:54:44.708773" elapsed="1.285811"/>
</kw>
<kw name="Maximize Browser Window" owner="SeleniumLibrary">
<doc>Maximizes current browser window.</doc>
<status status="PASS" start="2025-06-02T22:54:45.995584" elapsed="0.033249"/>
</kw>
<status status="PASS" start="2025-06-02T22:54:44.706760" elapsed="1.322073"/>
</kw>
<kw name="Acessar sistema Emiratads" owner="resources">
<kw name="Go To" owner="SeleniumLibrary">
<msg time="2025-06-02T22:54:46.033844" level="INFO">Opening url 'http://localhost:3000'</msg>
<arg>http://localhost:3000</arg>
<doc>Navigates the current browser window to the provided ``url``.</doc>
<status status="PASS" start="2025-06-02T22:54:46.032834" elapsed="0.227113"/>
</kw>
<kw name="Wait Until Element Is Visible" owner="SeleniumLibrary">
<arg>//img[@alt='emiratads-logo']</arg>
<doc>Waits until the element ``locator`` is visible.</doc>
<status status="PASS" start="2025-06-02T22:54:46.261795" elapsed="0.038968"/>
</kw>
<status status="PASS" start="2025-06-02T22:54:46.031836" elapsed="0.269934"/>
</kw>
<kw name="Realizar login funcionário" owner="resources">
<kw name="Input Text" owner="SeleniumLibrary">
<msg time="2025-06-02T22:54:46.311694" level="INFO">Typing text 'func_pre@gmail.com' into text field '//input[@name='email']'.</msg>
<arg>//input[@name='email']</arg>
<arg>${FUNCIONARIO_LOGIN}</arg>
<doc>Types the given ``text`` into the text field identified by ``locator``.</doc>
<status status="PASS" start="2025-06-02T22:54:46.309693" elapsed="0.124675"/>
</kw>
<kw name="Input Text" owner="SeleniumLibrary">
<msg time="2025-06-02T22:54:46.438370" level="INFO">Typing text 'TADS' into text field '//input[@name='password']'.</msg>
<arg>//input[@name='password']</arg>
<arg>${FUNCIONARIO_SENHA}</arg>
<doc>Types the given ``text`` into the text field identified by ``locator``.</doc>
<status status="PASS" start="2025-06-02T22:54:46.435389" elapsed="0.076438"/>
</kw>
<kw name="Click Button" owner="SeleniumLibrary">
<msg time="2025-06-02T22:54:46.514339" level="INFO">Clicking button '//button[@type='submit']'.</msg>
<arg>//button[@type='submit']</arg>
<doc>Clicks the button identified by ``locator``.</doc>
<status status="PASS" start="2025-06-02T22:54:46.511827" elapsed="0.085040"/>
</kw>
<status status="PASS" start="2025-06-02T22:54:46.305496" elapsed="0.292368"/>
</kw>
<kw name="Acessar a página de funcionários" owner="resources">
<kw name="Sleep" owner="BuiltIn">
<msg time="2025-06-02T22:54:47.604810" level="INFO">Slept 1 second.</msg>
<arg>1s</arg>
<doc>Pauses the test executed for the given time.</doc>
<status status="PASS" start="2025-06-02T22:54:46.601867" elapsed="1.003464"/>
</kw>
<kw name="Click Element" owner="SeleniumLibrary">
<msg time="2025-06-02T22:54:47.609432" level="INFO">Clicking element '//div[@id='shortcuts-session']//a[contains(@class,'text-slate-200 text-md w-full uppercase text-center p-2__className_c21540')][normalize-space()='Funcionários']'.</msg>
<arg>//div[@id='shortcuts-session']//a[contains(@class,'text-slate-200 text-md w-full uppercase text-center p-2__className_c21540')][normalize-space()='Funcionários']</arg>
<doc>Click the element identified by ``locator``.</doc>
<status status="PASS" start="2025-06-02T22:54:47.607424" elapsed="0.115005"/>
</kw>
<kw name="Wait Until Element Is Visible" owner="SeleniumLibrary">
<arg>//h1[normalize-space()='Funcionários']</arg>
<doc>Waits until the element ``locator`` is visible.</doc>
<status status="PASS" start="2025-06-02T22:54:47.724437" elapsed="0.045074"/>
</kw>
<status status="PASS" start="2025-06-02T22:54:46.599863" elapsed="1.170651"/>
</kw>
<kw name="Verificar se ${FUNCIONARIO_NOVO} está presente na lista de funcionários" owner="resources" source_name="Verificar se ${FUNCIONARIO_LOGIN} está presente na lista de funcionários">
<kw name="Input Text" owner="SeleniumLibrary">
<msg time="2025-06-02T22:54:47.775511" level="INFO">Typing text 'alisson.gab.santos@gmail.com' into text field '//input[@placeholder='Pesquisar:']'.</msg>
<arg>//input[@placeholder='Pesquisar:']</arg>
<arg>${FUNCIONARIO_LOGIN}</arg>
<doc>Types the given ``text`` into the text field identified by ``locator``.</doc>
<status status="PASS" start="2025-06-02T22:54:47.773532" elapsed="0.119321"/>
</kw>
<kw name="Sleep" owner="BuiltIn">
<msg time="2025-06-02T22:54:48.895118" level="INFO">Slept 1 second.</msg>
<arg>1s</arg>
<doc>Pauses the test executed for the given time.</doc>
<status status="PASS" start="2025-06-02T22:54:47.893860" elapsed="1.001258"/>
</kw>
<kw name="Element Should Be Visible" owner="SeleniumLibrary">
<msg time="2025-06-02T22:54:48.922621" level="INFO">Element '//td[normalize-space()='alisson.gab.santos@gmail.com']' is displayed.</msg>
<arg>//td[normalize-space()='${FUNCIONARIO_LOGIN}']</arg>
<doc>Verifies that the element identified by ``locator`` is visible.</doc>
<status status="PASS" start="2025-06-02T22:54:48.897124" elapsed="0.025497"/>
</kw>
<status status="PASS" start="2025-06-02T22:54:47.772513" elapsed="1.151096"/>
</kw>
<kw name="Clicar em Remover Funcionário" owner="resources">
<kw name="Click Element" owner="SeleniumLibrary">
<msg time="2025-06-02T22:54:48.927930" level="INFO">Clicking element '//button[contains(@class,'cursor-pointer flex items-center justify-center gap-2 bg-red-800 hover:bg-red-700 text-white border-0 p-2 rounded-lg')]'.</msg>
<arg>//button[contains(@class,'cursor-pointer flex items-center justify-center gap-2 bg-red-800 hover:bg-red-700 text-white border-0 p-2 rounded-lg')]</arg>
<doc>Click the element identified by ``locator``.</doc>
<status status="PASS" start="2025-06-02T22:54:48.926930" elapsed="0.065949"/>
</kw>
<kw name="Wait Until Element Is Visible" owner="SeleniumLibrary">
<arg>//h2[normalize-space()='Desativar usuário']</arg>
<doc>Waits until the element ``locator`` is visible.</doc>
<status status="PASS" start="2025-06-02T22:54:48.992879" elapsed="0.021814"/>
</kw>
<status status="PASS" start="2025-06-02T22:54:48.924525" elapsed="0.091505"/>
</kw>
<kw name="Confirmar Remoção de Funcionário" owner="resources">
<kw name="Click Element" owner="SeleniumLibrary">
<msg time="2025-06-02T22:54:49.020040" level="INFO">Clicking element '//span[normalize-space()='Deletar']'.</msg>
<arg>//span[normalize-space()='Deletar']</arg>
<doc>Click the element identified by ``locator``.</doc>
<status status="PASS" start="2025-06-02T22:54:49.019039" elapsed="0.068672"/>
</kw>
<kw name="Sleep" owner="BuiltIn">
<msg time="2025-06-02T22:54:49.588912" level="INFO">Slept 500 milliseconds.</msg>
<arg>0.5s</arg>
<doc>Pauses the test executed for the given time.</doc>
<status status="PASS" start="2025-06-02T22:54:49.088711" elapsed="0.501211"/>
</kw>
<status status="PASS" start="2025-06-02T22:54:49.017038" elapsed="0.573889"/>
</kw>
<kw name="Verificar se ${FUNCIONARIO_NOVO} não está mais presente na lista de funcionários" owner="resources" source_name="Verificar se ${FUNCIONARIO_LOGIN} não está mais presente na lista de funcionários">
<kw name="Input Text" owner="SeleniumLibrary">
<msg time="2025-06-02T22:54:49.597971" level="INFO">Typing text 'alisson.gab.santos@gmail.com' into text field '//input[@placeholder='Pesquisar:']'.</msg>
<arg>//input[@placeholder='Pesquisar:']</arg>
<arg>${FUNCIONARIO_LOGIN}</arg>
<doc>Types the given ``text`` into the text field identified by ``locator``.</doc>
<status status="PASS" start="2025-06-02T22:54:49.595974" elapsed="0.271053"/>
</kw>
<kw name="Sleep" owner="BuiltIn">
<msg time="2025-06-02T22:54:50.371845" level="INFO">Slept 500 milliseconds.</msg>
<arg>0.5s</arg>
<doc>Pauses the test executed for the given time.</doc>
<status status="PASS" start="2025-06-02T22:54:49.868042" elapsed="0.504309"/>
</kw>
<kw name="Element Should Not Be Visible" owner="SeleniumLibrary">
<msg time="2025-06-02T22:54:50.385170" level="INFO">Element '//td[normalize-space()='alisson.gab.santos@gmail.com']' did not exist.</msg>
<arg>//td[normalize-space()='${FUNCIONARIO_LOGIN}']</arg>
<doc>Verifies that the element identified by ``locator`` is NOT visible.</doc>
<status status="PASS" start="2025-06-02T22:54:50.373359" elapsed="0.014318"/>
</kw>
<status status="PASS" start="2025-06-02T22:54:49.593429" elapsed="0.795263"/>
</kw>
<kw name="Fechar browser" owner="resources" type="TEARDOWN">
<kw name="Capture Page Screenshot" owner="SeleniumLibrary">
<msg time="2025-06-02T22:54:50.487026" level="INFO" html="true">&lt;/td&gt;&lt;/tr&gt;&lt;tr&gt;&lt;td colspan="3"&gt;&lt;a href="selenium-screenshot-29.png"&gt;&lt;img src="selenium-screenshot-29.png" width="800px"&gt;&lt;/a&gt;</msg>
<doc>Takes a screenshot of the current page and embeds it into a log file.</doc>
<status status="PASS" start="2025-06-02T22:54:50.392691" elapsed="0.094335"/>
</kw>
<kw name="Close Browser" owner="SeleniumLibrary">
<doc>Closes the current browser.</doc>
<status status="PASS" start="2025-06-02T22:54:50.488419" elapsed="2.247309"/>
</kw>
<status status="PASS" start="2025-06-02T22:54:50.390689" elapsed="2.347085"/>
</kw>
<doc>Teste de Remoção de Funcionário</doc>
<tag>Funcionário</tag>
<status status="PASS" start="2025-06-02T22:54:44.702155" elapsed="8.037574"/>
</test>
<doc>Plano de Testes para o trabalho final da disciplina
DS252 - Engenharia de Software II - Noite</doc>
<status status="PASS" start="2025-06-02T22:52:01.111457" elapsed="171.634881"/>
</suite>
<statistics>
<total>
<stat pass="20" fail="0" skip="0">All Tests</stat>
</total>
<tag>
<stat pass="3" fail="0" skip="0">Autenticação</stat>
<stat pass="1" fail="0" skip="0">Autocadastro</stat>
<stat pass="8" fail="0" skip="0">Cliente</stat>
<stat pass="9" fail="0" skip="0">Funcionário</stat>
<stat pass="2" fail="0" skip="0">Login</stat>
</tag>
<suite>
<stat name="Testes" id="s1" pass="20" fail="0" skip="0">Testes</stat>
</suite>
</statistics>
<errors>
</errors>
</robot>
